{"C:\\Estudos\\todo-app-backend\\env.ts":{"path":"C:\\Estudos\\todo-app-backend\\env.ts","statementMap":{"0":{"start":{"line":2,"column":22},"end":{"line":4,"column":1}},"1":{"start":{"line":3,"column":4},"end":{"line":3,"column":62}},"2":{"start":{"line":5,"column":0},"end":{"line":5,"column":62}},"3":{"start":{"line":6,"column":14},"end":{"line":6,"column":79}},"4":{"start":{"line":7,"column":0},"end":{"line":19,"column":3}}},"fnMap":{"0":{"name":"(anonymous_0)","decl":{"start":{"line":2,"column":56},"end":{"line":2,"column":57}},"loc":{"start":{"line":2,"column":71},"end":{"line":4,"column":1}},"line":2}},"branchMap":{"0":{"loc":{"start":{"line":2,"column":22},"end":{"line":4,"column":1}},"type":"binary-expr","locations":[{"start":{"line":2,"column":23},"end":{"line":2,"column":27}},{"start":{"line":2,"column":31},"end":{"line":2,"column":51}},{"start":{"line":2,"column":56},"end":{"line":4,"column":1}}],"line":2},"1":{"loc":{"start":{"line":3,"column":11},"end":{"line":3,"column":61}},"type":"cond-expr","locations":[{"start":{"line":3,"column":37},"end":{"line":3,"column":40}},{"start":{"line":3,"column":43},"end":{"line":3,"column":61}}],"line":3},"2":{"loc":{"start":{"line":3,"column":12},"end":{"line":3,"column":33}},"type":"binary-expr","locations":[{"start":{"line":3,"column":12},"end":{"line":3,"column":15}},{"start":{"line":3,"column":19},"end":{"line":3,"column":33}}],"line":3}},"s":{"0":1,"1":1,"2":1,"3":1,"4":1},"f":{"0":1},"b":{"0":[1,1,1],"1":[0,1],"2":[1,1]},"inputSourceMap":{"version":3,"file":"env.js","sourceRoot":"","sources":["env.ts"],"names":[],"mappings":";;;;;AAcA,gFAAsC;AAEtC,kBAAe,aAAG,CAAC,KAAK,CAAC;IACvB,IAAI,EAAE,aAAG,CAAC,MAAM,CAAC,MAAM,CAAC,EAAE,MAAM,EAAE,MAAM,EAAE,CAAC;IAC3C,IAAI,EAAE,aAAG,CAAC,MAAM,CAAC,MAAM,EAAE;IACzB,OAAO,EAAE,aAAG,CAAC,MAAM,CAAC,MAAM,EAAE;IAC5B,QAAQ,EAAE,aAAG,CAAC,MAAM,CAAC,MAAM,EAAE;IAC7B,UAAU,EAAE,aAAG,CAAC,MAAM,CAAC,IAAI,CAAC,CAAC,OAAO,CAAU,CAAC;IAC/C,QAAQ,EAAE,aAAG,CAAC,MAAM,CAAC,IAAI,CAAC,CAAC,aAAa,EAAE,YAAY,EAAE,MAAM,CAAU,CAAC;IACzE,UAAU,EAAE,aAAG,CAAC,MAAM,CAAC,MAAM,CAAC,EAAE,MAAM,EAAE,MAAM,EAAE,CAAC;IACjD,UAAU,EAAE,aAAG,CAAC,MAAM,CAAC,MAAM,EAAE;IAC/B,UAAU,EAAE,aAAG,CAAC,MAAM,CAAC,MAAM,EAAE;IAC/B,cAAc,EAAE,aAAG,CAAC,MAAM,CAAC,MAAM,CAAC,QAAQ,EAAE;IAC5C,aAAa,EAAE,aAAG,CAAC,MAAM,CAAC,MAAM,EAAE;CACnC,CAAC,CAAC","sourcesContent":["/*\n|--------------------------------------------------------------------------\n| Validating Environment Variables\n|--------------------------------------------------------------------------\n|\n| In this file we define the rules for validating environment variables.\n| By performing validation we ensure that your application is running in\n| a stable environment with correct configuration values.\n|\n| This file is read automatically by the framework during the boot lifecycle\n| and hence do not rename or move this file to a different location.\n|\n*/\n\nimport Env from '@ioc:Adonis/Core/Env'\n\nexport default Env.rules({\n  HOST: Env.schema.string({ format: \"host\" }),\n  PORT: Env.schema.number(),\n  APP_KEY: Env.schema.string(),\n  APP_NAME: Env.schema.string(),\n  DRIVE_DISK: Env.schema.enum([\"local\"] as const),\n  NODE_ENV: Env.schema.enum([\"development\", \"production\", \"test\"] as const),\n  MYSQL_HOST: Env.schema.string({ format: \"host\" }),\n  MYSQL_PORT: Env.schema.number(),\n  MYSQL_USER: Env.schema.string(),\n  MYSQL_PASSWORD: Env.schema.string.optional(),\n  MYSQL_DB_NAME: Env.schema.string(),\n});\n"]},"_coverageSchema":"1a1c01bbd47fc00a2c39e90264f33305004495a9","hash":"890c459e00069b7f7ff936d63f2993478ea6124c","contentHash":"8df336cadb130c9a6f1f16b64c5f03946db212fd25845cf53683236bee7c5af5"},"C:\\Estudos\\todo-app-backend\\config\\app.ts":{"path":"C:\\Estudos\\todo-app-backend\\config\\app.ts","statementMap":{"0":{"start":{"line":2,"column":22},"end":{"line":4,"column":1}},"1":{"start":{"line":3,"column":4},"end":{"line":3,"column":62}},"2":{"start":{"line":5,"column":0},"end":{"line":5,"column":62}},"3":{"start":{"line":6,"column":0},"end":{"line":6,"column":95}},"4":{"start":{"line":7,"column":21},"end":{"line":7,"column":59}},"5":{"start":{"line":8,"column":14},"end":{"line":8,"column":79}},"6":{"start":{"line":9,"column":0},"end":{"line":9,"column":46}},"7":{"start":{"line":10,"column":0},"end":{"line":26,"column":2}},"8":{"start":{"line":27,"column":0},"end":{"line":32,"column":2}},"9":{"start":{"line":33,"column":0},"end":{"line":37,"column":2}},"10":{"start":{"line":38,"column":0},"end":{"line":38,"column":23}}},"fnMap":{"0":{"name":"(anonymous_0)","decl":{"start":{"line":2,"column":56},"end":{"line":2,"column":57}},"loc":{"start":{"line":2,"column":71},"end":{"line":4,"column":1}},"line":2}},"branchMap":{"0":{"loc":{"start":{"line":2,"column":22},"end":{"line":4,"column":1}},"type":"binary-expr","locations":[{"start":{"line":2,"column":23},"end":{"line":2,"column":27}},{"start":{"line":2,"column":31},"end":{"line":2,"column":51}},{"start":{"line":2,"column":56},"end":{"line":4,"column":1}}],"line":2},"1":{"loc":{"start":{"line":3,"column":11},"end":{"line":3,"column":61}},"type":"cond-expr","locations":[{"start":{"line":3,"column":37},"end":{"line":3,"column":40}},{"start":{"line":3,"column":43},"end":{"line":3,"column":61}}],"line":3},"2":{"loc":{"start":{"line":3,"column":12},"end":{"line":3,"column":33}},"type":"binary-expr","locations":[{"start":{"line":3,"column":12},"end":{"line":3,"column":15}},{"start":{"line":3,"column":19},"end":{"line":3,"column":33}}],"line":3}},"s":{"0":1,"1":2,"2":1,"3":1,"4":1,"5":1,"6":1,"7":1,"8":1,"9":1,"10":1},"f":{"0":2},"b":{"0":[1,1,1],"1":[0,2],"2":[2,2]},"inputSourceMap":{"version":3,"file":"app.js","sourceRoot":"","sources":["app.ts"],"names":[],"mappings":";;;;;;AAOA,4DAAkC;AAClC,gFAAsC;AAmBzB,QAAA,MAAM,GAAW,aAAG,CAAC,GAAG,CAAC,SAAS,CAAC,CAAA;AAWnC,QAAA,IAAI,GAAiB;IAYhC,mBAAmB,EAAE,KAAK;IAO1B,eAAe,EAAE,CAAC;IAWlB,iBAAiB,EAAE,KAAK;IAWxB,UAAU,EAAE,oBAAS,CAAC,OAAO,CAAC,UAAU,CAAC;IAUzC,IAAI,EAAE,KAAK;IAOX,iBAAiB,EAAE,UAAU;IAO7B,MAAM,EAAE;QACN,MAAM,EAAE,EAAE;QACV,IAAI,EAAE,GAAG;QACT,MAAM,EAAE,IAAI;QACZ,QAAQ,EAAE,IAAI;QACd,MAAM,EAAE,KAAK;QACb,QAAQ,EAAE,KAAK;KAChB;IAkBD,yBAAyB,EAAE,kBAAkB;CAC9C,CAAA;AAOY,QAAA,MAAM,GAAiB;IAalC,IAAI,EAAE,aAAG,CAAC,GAAG,CAAC,UAAU,CAAC;IAUzB,OAAO,EAAE,IAAI;IAYb,KAAK,EAAE,aAAG,CAAC,GAAG,CAAC,WAAW,EAAE,MAAM,CAAC;IAWnC,WAAW,EAAE,aAAG,CAAC,GAAG,CAAC,UAAU,CAAC,KAAK,aAAa;CACnD,CAAA;AAOY,QAAA,QAAQ,GAAmB;IAStC,OAAO,EAAE,IAAI;IAWb,SAAS,EAAE,EAAE;IAWb,SAAS,EAAE,EAAE;CACd,CAAA;AAWY,QAAA,SAAS,GAAoB,EACzC,CAAA","sourcesContent":["/**\n * Config source: https://git.io/JfefZ\n *\n * Feel free to let us know via PR, if you find something broken in this config\n * file.\n */\n\nimport proxyAddr from 'proxy-addr'\nimport Env from '@ioc:Adonis/Core/Env'\nimport type { ServerConfig } from '@ioc:Adonis/Core/Server'\nimport type { LoggerConfig } from '@ioc:Adonis/Core/Logger'\nimport type { ProfilerConfig } from '@ioc:Adonis/Core/Profiler'\nimport type { ValidatorConfig } from '@ioc:Adonis/Core/Validator'\n\n/*\n|--------------------------------------------------------------------------\n| Application secret key\n|--------------------------------------------------------------------------\n|\n| The secret to encrypt and sign different values in your application.\n| Make sure to keep the `APP_KEY` as an environment variable and secure.\n|\n| Note: Changing the application key for an existing app will make all\n| the cookies invalid and also the existing encrypted data will not\n| be decrypted.\n|\n*/\nexport const appKey: string = Env.get('APP_KEY')\n\n/*\n|--------------------------------------------------------------------------\n| Http server configuration\n|--------------------------------------------------------------------------\n|\n| The configuration for the HTTP(s) server. Make sure to go through all\n| the config properties to make keep server secure.\n|\n*/\nexport const http: ServerConfig = {\n  /*\n  |--------------------------------------------------------------------------\n  | Allow method spoofing\n  |--------------------------------------------------------------------------\n  |\n  | Method spoofing enables defining custom HTTP methods using a query string\n  | `_method`. This is usually required when you are making traditional\n  | form requests and wants to use HTTP verbs like `PUT`, `DELETE` and\n  | so on.\n  |\n  */\n  allowMethodSpoofing: false,\n\n  /*\n  |--------------------------------------------------------------------------\n  | Subdomain offset\n  |--------------------------------------------------------------------------\n  */\n  subdomainOffset: 2,\n\n  /*\n  |--------------------------------------------------------------------------\n  | Request Ids\n  |--------------------------------------------------------------------------\n  |\n  | Setting this value to `true` will generate a unique request id for each\n  | HTTP request and set it as `x-request-id` header.\n  |\n  */\n  generateRequestId: false,\n\n  /*\n  |--------------------------------------------------------------------------\n  | Trusting proxy servers\n  |--------------------------------------------------------------------------\n  |\n  | Define the proxy servers that AdonisJs must trust for reading `X-Forwarded`\n  | headers.\n  |\n  */\n  trustProxy: proxyAddr.compile('loopback'),\n\n  /*\n  |--------------------------------------------------------------------------\n  | Generating Etag\n  |--------------------------------------------------------------------------\n  |\n  | Whether or not to generate an etag for every response.\n  |\n  */\n  etag: false,\n\n  /*\n  |--------------------------------------------------------------------------\n  | JSONP Callback\n  |--------------------------------------------------------------------------\n  */\n  jsonpCallbackName: 'callback',\n\n  /*\n  |--------------------------------------------------------------------------\n  | Cookie settings\n  |--------------------------------------------------------------------------\n  */\n  cookie: {\n    domain: '',\n    path: '/',\n    maxAge: '2h',\n    httpOnly: true,\n    secure: false,\n    sameSite: false,\n  },\n\n  /*\n  |--------------------------------------------------------------------------\n  | Force Content Negotiation\n  |--------------------------------------------------------------------------\n  |\n  | The internals of the framework relies on the content negotiation to\n  | detect the best possible response type for a given HTTP request.\n  |\n  | However, it is a very common these days that API servers always wants to\n  | make response in JSON regardless of the existence of the `Accept` header.\n  |\n  | By setting `forceContentNegotiationTo = 'application/json'`, you negotiate\n  | with the server in advance to always return JSON without relying on the\n  | client to set the header explicitly.\n  |\n  */\n  forceContentNegotiationTo: 'application/json',\n}\n\n/*\n|--------------------------------------------------------------------------\n| Logger\n|--------------------------------------------------------------------------\n*/\nexport const logger: LoggerConfig = {\n  /*\n  |--------------------------------------------------------------------------\n  | Application name\n  |--------------------------------------------------------------------------\n  |\n  | The name of the application you want to add to the log. It is recommended\n  | to always have app name in every log line.\n  |\n  | The `APP_NAME` environment variable is automatically set by AdonisJS by\n  | reading the `name` property from the `package.json` file.\n  |\n  */\n  name: Env.get('APP_NAME'),\n\n  /*\n  |--------------------------------------------------------------------------\n  | Toggle logger\n  |--------------------------------------------------------------------------\n  |\n  | Enable or disable logger application wide\n  |\n  */\n  enabled: true,\n\n  /*\n  |--------------------------------------------------------------------------\n  | Logging level\n  |--------------------------------------------------------------------------\n  |\n  | The level from which you want the logger to flush logs. It is recommended\n  | to make use of the environment variable, so that you can define log levels\n  | at deployment level and not code level.\n  |\n  */\n  level: Env.get('LOG_LEVEL', 'info'),\n\n  /*\n  |--------------------------------------------------------------------------\n  | Pretty print\n  |--------------------------------------------------------------------------\n  |\n  | It is highly advised NOT to use `prettyPrint` in production, since it\n  | can have huge impact on performance.\n  |\n  */\n  prettyPrint: Env.get('NODE_ENV') === 'development',\n}\n\n/*\n|--------------------------------------------------------------------------\n| Profiler\n|--------------------------------------------------------------------------\n*/\nexport const profiler: ProfilerConfig = {\n  /*\n  |--------------------------------------------------------------------------\n  | Toggle profiler\n  |--------------------------------------------------------------------------\n  |\n  | Enable or disable profiler\n  |\n  */\n  enabled: true,\n\n  /*\n  |--------------------------------------------------------------------------\n  | Blacklist actions/row labels\n  |--------------------------------------------------------------------------\n  |\n  | Define an array of actions or row labels that you want to disable from\n  | getting profiled.\n  |\n  */\n  blacklist: [],\n\n  /*\n  |--------------------------------------------------------------------------\n  | Whitelist actions/row labels\n  |--------------------------------------------------------------------------\n  |\n  | Define an array of actions or row labels that you want to whitelist for\n  | the profiler. When whitelist is defined, then `blacklist` is ignored.\n  |\n  */\n  whitelist: [],\n}\n\n/*\n|--------------------------------------------------------------------------\n| Validator\n|--------------------------------------------------------------------------\n|\n| Configure the global configuration for the validator. Here's the reference\n| to the default config https://git.io/JT0WE\n|\n*/\nexport const validator: ValidatorConfig = {\n}\n"]},"_coverageSchema":"1a1c01bbd47fc00a2c39e90264f33305004495a9","hash":"6a05cdc8166a6c7cb4a3b15317242c8196df38cd","contentHash":"519cfffbed0a5ef07f864cfb4eef93a14b3ca2c46dff4b6227723cb8072f900d"},"C:\\Estudos\\todo-app-backend\\config\\auth.ts":{"path":"C:\\Estudos\\todo-app-backend\\config\\auth.ts","statementMap":{"0":{"start":{"line":2,"column":22},"end":{"line":12,"column":3}},"1":{"start":{"line":3,"column":4},"end":{"line":3,"column":33}},"2":{"start":{"line":3,"column":26},"end":{"line":3,"column":33}},"3":{"start":{"line":4,"column":15},"end":{"line":4,"column":52}},"4":{"start":{"line":5,"column":4},"end":{"line":7,"column":5}},"5":{"start":{"line":6,"column":6},"end":{"line":6,"column":68}},"6":{"start":{"line":6,"column":51},"end":{"line":6,"column":63}},"7":{"start":{"line":8,"column":4},"end":{"line":8,"column":39}},"8":{"start":{"line":10,"column":4},"end":{"line":10,"column":33}},"9":{"start":{"line":10,"column":26},"end":{"line":10,"column":33}},"10":{"start":{"line":11,"column":4},"end":{"line":11,"column":17}},"11":{"start":{"line":13,"column":25},"end":{"line":17,"column":2}},"12":{"start":{"line":14,"column":4},"end":{"line":14,"column":72}},"13":{"start":{"line":16,"column":4},"end":{"line":16,"column":21}},"14":{"start":{"line":18,"column":19},"end":{"line":24,"column":1}},"15":{"start":{"line":19,"column":4},"end":{"line":19,"column":42}},"16":{"start":{"line":19,"column":31},"end":{"line":19,"column":42}},"17":{"start":{"line":20,"column":17},"end":{"line":20,"column":19}},"18":{"start":{"line":21,"column":4},"end":{"line":21,"column":141}},"19":{"start":{"line":21,"column":21},"end":{"line":21,"column":141}},"20":{"start":{"line":21,"column":40},"end":{"line":21,"column":141}},"21":{"start":{"line":21,"column":109},"end":{"line":21,"column":141}},"22":{"start":{"line":22,"column":4},"end":{"line":22,"column":36}},"23":{"start":{"line":23,"column":4},"end":{"line":23,"column":18}},"24":{"start":{"line":25,"column":0},"end":{"line":25,"column":62}},"25":{"start":{"line":26,"column":19},"end":{"line":45,"column":1}},"26":{"start":{"line":41,"column":29},"end":{"line":41,"column":121}},"27":{"start":{"line":41,"column":58},"end":{"line":41,"column":120}},"28":{"start":{"line":46,"column":0},"end":{"line":46,"column":29}}},"fnMap":{"0":{"name":"(anonymous_0)","decl":{"start":{"line":2,"column":74},"end":{"line":2,"column":75}},"loc":{"start":{"line":2,"column":96},"end":{"line":9,"column":1}},"line":2},"1":{"name":"(anonymous_1)","decl":{"start":{"line":6,"column":38},"end":{"line":6,"column":39}},"loc":{"start":{"line":6,"column":49},"end":{"line":6,"column":65}},"line":6},"2":{"name":"(anonymous_2)","decl":{"start":{"line":9,"column":6},"end":{"line":9,"column":7}},"loc":{"start":{"line":9,"column":28},"end":{"line":12,"column":1}},"line":9},"3":{"name":"(anonymous_3)","decl":{"start":{"line":13,"column":80},"end":{"line":13,"column":81}},"loc":{"start":{"line":13,"column":95},"end":{"line":15,"column":1}},"line":13},"4":{"name":"(anonymous_4)","decl":{"start":{"line":15,"column":5},"end":{"line":15,"column":6}},"loc":{"start":{"line":15,"column":20},"end":{"line":17,"column":1}},"line":15},"5":{"name":"(anonymous_5)","decl":{"start":{"line":18,"column":50},"end":{"line":18,"column":51}},"loc":{"start":{"line":18,"column":65},"end":{"line":24,"column":1}},"line":18},"6":{"name":"(anonymous_6)","decl":{"start":{"line":41,"column":23},"end":{"line":41,"column":24}},"loc":{"start":{"line":41,"column":29},"end":{"line":41,"column":121}},"line":41},"7":{"name":"(anonymous_7)","decl":{"start":{"line":41,"column":52},"end":{"line":41,"column":53}},"loc":{"start":{"line":41,"column":58},"end":{"line":41,"column":120}},"line":41}},"branchMap":{"0":{"loc":{"start":{"line":2,"column":22},"end":{"line":12,"column":3}},"type":"binary-expr","locations":[{"start":{"line":2,"column":23},"end":{"line":2,"column":27}},{"start":{"line":2,"column":31},"end":{"line":2,"column":51}},{"start":{"line":2,"column":57},"end":{"line":12,"column":2}}],"line":2},"1":{"loc":{"start":{"line":2,"column":57},"end":{"line":12,"column":2}},"type":"cond-expr","locations":[{"start":{"line":2,"column":74},"end":{"line":9,"column":1}},{"start":{"line":9,"column":6},"end":{"line":12,"column":1}}],"line":2},"2":{"loc":{"start":{"line":3,"column":4},"end":{"line":3,"column":33}},"type":"if","locations":[{"start":{"line":3,"column":4},"end":{"line":3,"column":33}},{"start":{"line":3,"column":4},"end":{"line":3,"column":33}}],"line":3},"3":{"loc":{"start":{"line":5,"column":4},"end":{"line":7,"column":5}},"type":"if","locations":[{"start":{"line":5,"column":4},"end":{"line":7,"column":5}},{"start":{"line":5,"column":4},"end":{"line":7,"column":5}}],"line":5},"4":{"loc":{"start":{"line":5,"column":8},"end":{"line":5,"column":85}},"type":"binary-expr","locations":[{"start":{"line":5,"column":8},"end":{"line":5,"column":13}},{"start":{"line":5,"column":18},"end":{"line":5,"column":84}}],"line":5},"5":{"loc":{"start":{"line":5,"column":18},"end":{"line":5,"column":84}},"type":"cond-expr","locations":[{"start":{"line":5,"column":34},"end":{"line":5,"column":47}},{"start":{"line":5,"column":50},"end":{"line":5,"column":84}}],"line":5},"6":{"loc":{"start":{"line":5,"column":50},"end":{"line":5,"column":84}},"type":"binary-expr","locations":[{"start":{"line":5,"column":50},"end":{"line":5,"column":63}},{"start":{"line":5,"column":67},"end":{"line":5,"column":84}}],"line":5},"7":{"loc":{"start":{"line":10,"column":4},"end":{"line":10,"column":33}},"type":"if","locations":[{"start":{"line":10,"column":4},"end":{"line":10,"column":33}},{"start":{"line":10,"column":4},"end":{"line":10,"column":33}}],"line":10},"8":{"loc":{"start":{"line":13,"column":25},"end":{"line":17,"column":2}},"type":"binary-expr","locations":[{"start":{"line":13,"column":26},"end":{"line":13,"column":30}},{"start":{"line":13,"column":34},"end":{"line":13,"column":57}},{"start":{"line":13,"column":63},"end":{"line":17,"column":1}}],"line":13},"9":{"loc":{"start":{"line":13,"column":63},"end":{"line":17,"column":1}},"type":"cond-expr","locations":[{"start":{"line":13,"column":80},"end":{"line":15,"column":1}},{"start":{"line":15,"column":5},"end":{"line":17,"column":1}}],"line":13},"10":{"loc":{"start":{"line":18,"column":19},"end":{"line":24,"column":1}},"type":"binary-expr","locations":[{"start":{"line":18,"column":20},"end":{"line":18,"column":24}},{"start":{"line":18,"column":28},"end":{"line":18,"column":45}},{"start":{"line":18,"column":50},"end":{"line":24,"column":1}}],"line":18},"11":{"loc":{"start":{"line":19,"column":4},"end":{"line":19,"column":42}},"type":"if","locations":[{"start":{"line":19,"column":4},"end":{"line":19,"column":42}},{"start":{"line":19,"column":4},"end":{"line":19,"column":42}}],"line":19},"12":{"loc":{"start":{"line":19,"column":8},"end":{"line":19,"column":29}},"type":"binary-expr","locations":[{"start":{"line":19,"column":8},"end":{"line":19,"column":11}},{"start":{"line":19,"column":15},"end":{"line":19,"column":29}}],"line":19},"13":{"loc":{"start":{"line":21,"column":4},"end":{"line":21,"column":141}},"type":"if","locations":[{"start":{"line":21,"column":4},"end":{"line":21,"column":141}},{"start":{"line":21,"column":4},"end":{"line":21,"column":141}}],"line":21},"14":{"loc":{"start":{"line":21,"column":40},"end":{"line":21,"column":141}},"type":"if","locations":[{"start":{"line":21,"column":40},"end":{"line":21,"column":141}},{"start":{"line":21,"column":40},"end":{"line":21,"column":141}}],"line":21},"15":{"loc":{"start":{"line":21,"column":44},"end":{"line":21,"column":107}},"type":"binary-expr","locations":[{"start":{"line":21,"column":44},"end":{"line":21,"column":59}},{"start":{"line":21,"column":63},"end":{"line":21,"column":107}}],"line":21}},"s":{"0":1,"1":0,"2":0,"3":0,"4":0,"5":0,"6":0,"7":0,"8":0,"9":0,"10":0,"11":1,"12":0,"13":0,"14":1,"15":0,"16":0,"17":0,"18":0,"19":0,"20":0,"21":0,"22":0,"23":0,"24":1,"25":1,"26":0,"27":0,"28":1},"f":{"0":0,"1":0,"2":0,"3":0,"4":0,"5":0,"6":0,"7":0},"b":{"0":[1,1,1],"1":[1,0],"2":[0,0],"3":[0,0],"4":[0,0],"5":[0,0],"6":[0,0],"7":[0,0],"8":[1,1,1],"9":[1,0],"10":[1,1,1],"11":[0,0],"12":[0,0],"13":[0,0],"14":[0,0],"15":[0,0]},"inputSourceMap":{"version":3,"file":"auth.js","sourceRoot":"","sources":["auth.ts"],"names":[],"mappings":";;;;;;;;;;;;;;;;;;;;;;;;;AAkBA,MAAM,UAAU,GAAe;IAC7B,KAAK,EAAE,KAAK;IACZ,MAAM,EAAE;QAcN,GAAG,EAAE;YACH,MAAM,EAAE,KAAK;YAeb,aAAa,EAAE;gBACb,IAAI,EAAE,KAAK;gBACX,MAAM,EAAE,UAAU;gBAClB,KAAK,EAAE,YAAY;gBACnB,UAAU,EAAE,SAAS;aACtB;YAED,QAAQ,EAAE;gBASR,MAAM,EAAE,OAAO;gBAWf,aAAa,EAAE,IAAI;gBAYnB,IAAI,EAAE,CAAC,OAAO,CAAC;gBAaf,KAAK,EAAE,GAAG,EAAE,yEAAQ,iBAAiB,GAAC;aACvC;SACF;KACF;CACF,CAAA;AAED,kBAAe,UAAU,CAAA","sourcesContent":["/**\n * Config source: https://git.io/JY0mp\n *\n * Feel free to let us know via PR, if you find something broken in this config\n * file.\n */\n\nimport type { AuthConfig } from '@ioc:Adonis/Addons/Auth'\n\n/*\n|--------------------------------------------------------------------------\n| Authentication Mapping\n|--------------------------------------------------------------------------\n|\n| List of available authentication mapping. You must first define them\n| inside the `contracts/auth.ts` file before mentioning them here.\n|\n*/\nconst authConfig: AuthConfig = {\n  guard: 'api',\n  guards: {\n    /*\n    |--------------------------------------------------------------------------\n    | OAT Guard\n    |--------------------------------------------------------------------------\n    |\n    | OAT (Opaque access tokens) guard uses database backed tokens to authenticate\n    | HTTP request. This guard DOES NOT rely on sessions or cookies and uses\n    | Authorization header value for authentication.\n    |\n    | Use this guard to authenticate mobile apps or web clients that cannot rely\n    | on cookies/sessions.\n    |\n    */\n    api: {\n      driver: 'oat',\n\n      /*\n      |--------------------------------------------------------------------------\n      | Tokens provider\n      |--------------------------------------------------------------------------\n      |\n      | Uses SQL database for managing tokens. Use the \"database\" driver, when\n      | tokens are the secondary mode of authentication.\n      | For example: The Github personal tokens\n      |\n      | The foreignKey column is used to make the relationship between the user\n      | and the token. You are free to use any column name here.\n      |\n      */\n      tokenProvider: {\n        type: 'api',\n        driver: 'database',\n        table: 'api_tokens',\n        foreignKey: 'user_id',\n      },\n\n      provider: {\n        /*\n        |--------------------------------------------------------------------------\n        | Driver\n        |--------------------------------------------------------------------------\n        |\n        | Name of the driver\n        |\n        */\n        driver: 'lucid',\n\n        /*\n        |--------------------------------------------------------------------------\n        | Identifier key\n        |--------------------------------------------------------------------------\n        |\n        | The identifier key is the unique key on the model. In most cases specifying\n        | the primary key is the right choice.\n        |\n        */\n        identifierKey: 'id',\n\n        /*\n        |--------------------------------------------------------------------------\n        | Uids\n        |--------------------------------------------------------------------------\n        |\n        | Uids are used to search a user against one of the mentioned columns. During\n        | login, the auth module will search the user mentioned value against one\n        | of the mentioned columns to find their user record.\n        |\n        */\n        uids: ['email'],\n\n        /*\n        |--------------------------------------------------------------------------\n        | Model\n        |--------------------------------------------------------------------------\n        |\n        | The model to use for fetching or finding users. The model is imported\n        | lazily since the config files are read way earlier in the lifecycle\n        | of booting the app and the models may not be in a usable state at\n        | that time.\n        |\n        */\n        model: () => import('App/Models/User'),\n      },\n    },\n  },\n}\n\nexport default authConfig\n"]},"_coverageSchema":"1a1c01bbd47fc00a2c39e90264f33305004495a9","hash":"b00a6d8974145c49d66219316ffe499a44f31820","contentHash":"8b35a12e02d442ed0366909bd34cb32753c4b7e56d0dc9816180f6c17cb0aac9"},"C:\\Estudos\\todo-app-backend\\config\\bodyparser.ts":{"path":"C:\\Estudos\\todo-app-backend\\config\\bodyparser.ts","statementMap":{"0":{"start":{"line":2,"column":0},"end":{"line":2,"column":62}},"1":{"start":{"line":3,"column":25},"end":{"line":44,"column":1}},"2":{"start":{"line":45,"column":0},"end":{"line":45,"column":35}}},"fnMap":{},"branchMap":{},"s":{"0":1,"1":1,"2":1},"f":{},"b":{},"inputSourceMap":{"version":3,"file":"bodyparser.js","sourceRoot":"","sources":["bodyparser.ts"],"names":[],"mappings":";;AASA,MAAM,gBAAgB,GAAqB;IAUzC,kBAAkB,EAAE,CAAC,MAAM,EAAE,KAAK,EAAE,OAAO,EAAE,QAAQ,CAAC;IAWtD,IAAI,EAAE;QACJ,QAAQ,EAAE,OAAO;QACjB,KAAK,EAAE,KAAK;QACZ,MAAM,EAAE,IAAI;QACZ,KAAK,EAAE;YACL,kBAAkB;YAClB,6BAA6B;YAC7B,0BAA0B;YAC1B,wBAAwB;SACzB;KACF;IAWD,IAAI,EAAE;QACJ,QAAQ,EAAE,OAAO;QACjB,KAAK,EAAE,KAAK;QACZ,WAAW,EAAE,EAAE;QAYf,yBAAyB,EAAE,IAAI;QAE/B,KAAK,EAAE;YACL,mCAAmC;SACpC;KACF;IAYD,GAAG,EAAE;QACH,QAAQ,EAAE,OAAO;QACjB,KAAK,EAAE,KAAK;QACZ,WAAW,EAAE,EAAE;QACf,KAAK,EAAE;YACL,QAAQ;SACT;KACF;IAWD,SAAS,EAAE;QAcT,WAAW,EAAE,IAAI;QAsBjB,eAAe,EAAE,EAAE;QAuBnB,QAAQ,EAAE,OAAO;QAYjB,yBAAyB,EAAE,IAAI;QAW/B,SAAS,EAAE,IAAI;QAWf,KAAK,EAAE,MAAM;QAUb,KAAK,EAAE;YACL,qBAAqB;SACtB;KACF;CACF,CAAA;AAED,kBAAe,gBAAgB,CAAA","sourcesContent":["/**\n * Config source: https://git.io/Jfefn\n *\n * Feel free to let us know via PR, if you find something broken in this config\n * file.\n */\n\nimport type { BodyParserConfig } from '@ioc:Adonis/Core/BodyParser'\n\nconst bodyParserConfig: BodyParserConfig = {\n  /*\n  |--------------------------------------------------------------------------\n  | White listed methods\n  |--------------------------------------------------------------------------\n  |\n  | HTTP methods for which body parsing must be performed. It is a good practice\n  | to avoid body parsing for `GET` requests.\n  |\n  */\n  whitelistedMethods: ['POST', 'PUT', 'PATCH', 'DELETE'],\n\n  /*\n  |--------------------------------------------------------------------------\n  | JSON parser settings\n  |--------------------------------------------------------------------------\n  |\n  | The settings for the JSON parser. The types defines the request content\n  | types which gets processed by the JSON parser.\n  |\n  */\n  json: {\n    encoding: 'utf-8',\n    limit: '1mb',\n    strict: true,\n    types: [\n      'application/json',\n      'application/json-patch+json',\n      'application/vnd.api+json',\n      'application/csp-report',\n    ],\n  },\n\n  /*\n  |--------------------------------------------------------------------------\n  | Form parser settings\n  |--------------------------------------------------------------------------\n  |\n  | The settings for the `application/x-www-form-urlencoded` parser. The types\n  | defines the request content types which gets processed by the form parser.\n  |\n  */\n  form: {\n    encoding: 'utf-8',\n    limit: '1mb',\n    queryString: {},\n\n    /*\n    |--------------------------------------------------------------------------\n    | Convert empty strings to null\n    |--------------------------------------------------------------------------\n    |\n    | Convert empty form fields to null. HTML forms results in field string\n    | value when the field is left blank. This option normalizes all the blank\n    | field values to \"null\"\n    |\n    */\n    convertEmptyStringsToNull: true,\n\n    types: [\n      'application/x-www-form-urlencoded',\n    ],\n  },\n\n  /*\n  |--------------------------------------------------------------------------\n  | Raw body parser settings\n  |--------------------------------------------------------------------------\n  |\n  | Raw body just reads the request body stream as a plain text, which you\n  | can process by hand. This must be used when request body type is not\n  | supported by the body parser.\n  |\n  */\n  raw: {\n    encoding: 'utf-8',\n    limit: '1mb',\n    queryString: {},\n    types: [\n      'text/*',\n    ],\n  },\n\n  /*\n  |--------------------------------------------------------------------------\n  | Multipart parser settings\n  |--------------------------------------------------------------------------\n  |\n  | The settings for the `multipart/form-data` parser. The types defines the\n  | request content types which gets processed by the form parser.\n  |\n  */\n  multipart: {\n    /*\n    |--------------------------------------------------------------------------\n    | Auto process\n    |--------------------------------------------------------------------------\n    |\n    | The auto process option will process uploaded files and writes them to\n    | the `tmp` folder. You can turn it off and then manually use the stream\n    | to pipe stream to a different destination.\n    |\n    | It is recommended to keep `autoProcess=true`. Unless you are processing bigger\n    | file sizes.\n    |\n    */\n    autoProcess: true,\n\n    /*\n    |--------------------------------------------------------------------------\n    | Files to be processed manually\n    |--------------------------------------------------------------------------\n    |\n    | You can turn off `autoProcess` for certain routes by defining\n    | routes inside the following array.\n    |\n    | NOTE: Make sure the route pattern starts with a leading slash.\n    |\n    | Correct\n    | ```js\n    | /projects/:id/file\n    | ```\n    |\n    | Incorrect\n    | ```js\n    | projects/:id/file\n    | ```\n    */\n    processManually: [],\n\n    /*\n    |--------------------------------------------------------------------------\n    | Temporary file name\n    |--------------------------------------------------------------------------\n    |\n    | When auto processing is on. We will use this method to compute the temporary\n    | file name. AdonisJs will compute a unique `tmpPath` for you automatically,\n    | However, you can also define your own custom method.\n    |\n    */\n    // tmpFileName () {\n    // },\n\n    /*\n    |--------------------------------------------------------------------------\n    | Encoding\n    |--------------------------------------------------------------------------\n    |\n    | Request body encoding\n    |\n    */\n    encoding: 'utf-8',\n\n    /*\n    |--------------------------------------------------------------------------\n    | Convert empty strings to null\n    |--------------------------------------------------------------------------\n    |\n    | Convert empty form fields to null. HTML forms results in field string\n    | value when the field is left blank. This option normalizes all the blank\n    | field values to \"null\"\n    |\n    */\n    convertEmptyStringsToNull: true,\n\n    /*\n    |--------------------------------------------------------------------------\n    | Max Fields\n    |--------------------------------------------------------------------------\n    |\n    | The maximum number of fields allowed in the request body. The field includes\n    | text inputs and files both.\n    |\n    */\n    maxFields: 1000,\n\n    /*\n    |--------------------------------------------------------------------------\n    | Request body limit\n    |--------------------------------------------------------------------------\n    |\n    | The total limit to the multipart body. This includes all request files\n    | and fields data.\n    |\n    */\n    limit: '20mb',\n\n    /*\n    |--------------------------------------------------------------------------\n    | Types\n    |--------------------------------------------------------------------------\n    |\n    | The types that will be considered and parsed as multipart body.\n    |\n    */\n    types: [\n      'multipart/form-data',\n    ],\n  },\n}\n\nexport default bodyParserConfig\n"]},"_coverageSchema":"1a1c01bbd47fc00a2c39e90264f33305004495a9","hash":"88711f230ad0d9329ec7f35a383c40de135e5f1c","contentHash":"e78eefcefdd9f66f849e6752c8db54c4dcfc00e83946dbc28b1a62189536565b"},"C:\\Estudos\\todo-app-backend\\config\\cors.ts":{"path":"C:\\Estudos\\todo-app-backend\\config\\cors.ts","statementMap":{"0":{"start":{"line":2,"column":0},"end":{"line":2,"column":62}},"1":{"start":{"line":3,"column":19},"end":{"line":18,"column":1}},"2":{"start":{"line":19,"column":0},"end":{"line":19,"column":29}}},"fnMap":{},"branchMap":{},"s":{"0":1,"1":1,"2":1},"f":{},"b":{},"inputSourceMap":{"version":3,"file":"cors.js","sourceRoot":"","sources":["cors.ts"],"names":[],"mappings":";;AASA,MAAM,UAAU,GAAe;IAa7B,OAAO,EAAE,KAAK;IAwBd,MAAM,EAAE,IAAI;IAYZ,OAAO,EAAE,CAAC,KAAK,EAAE,MAAM,EAAE,MAAM,EAAE,KAAK,EAAE,QAAQ,CAAC;IAmBjD,OAAO,EAAE,IAAI;IAsBb,aAAa,EAAE;QACb,eAAe;QACf,kBAAkB;QAClB,cAAc;QACd,SAAS;QACT,eAAe;QACf,QAAQ;KACT;IAaD,WAAW,EAAE,IAAI;IAWjB,MAAM,EAAE,EAAE;CACX,CAAA;AAED,kBAAe,UAAU,CAAA","sourcesContent":["/**\n * Config source: https://git.io/JfefC\n *\n * Feel free to let us know via PR, if you find something broken in this config\n * file.\n */\n\nimport type { CorsConfig } from '@ioc:Adonis/Core/Cors'\n\nconst corsConfig: CorsConfig = {\n  /*\n  |--------------------------------------------------------------------------\n  | Enabled\n  |--------------------------------------------------------------------------\n  |\n  | A boolean to enable or disable CORS integration from your AdonisJs\n  | application.\n  |\n  | Setting the value to `true` will enable the CORS for all HTTP request. However,\n  | you can define a function to enable/disable it on per request basis as well.\n  |\n  */\n  enabled: false,\n\n  // You can also use a function that return true or false.\n  // enabled: (request) => request.url().startsWith('/api')\n\n  /*\n  |--------------------------------------------------------------------------\n  | Origin\n  |--------------------------------------------------------------------------\n  |\n  | Set a list of origins to be allowed for `Access-Control-Allow-Origin`.\n  | The value can be one of the following:\n  |\n  | https://developer.mozilla.org/en-US/docs/Web/HTTP/Headers/Access-Control-Allow-Origin\n  |\n  | Boolean (true)    - Allow current request origin.\n  | Boolean (false)   - Disallow all.\n  | String            - Comma separated list of allowed origins.\n  | Array             - An array of allowed origins.\n  | String (*)        - A wildcard (*) to allow all request origins.\n  | Function          - Receives the current origin string and should return\n  |                     one of the above values.\n  |\n  */\n  origin: true,\n\n  /*\n  |--------------------------------------------------------------------------\n  | Methods\n  |--------------------------------------------------------------------------\n  |\n  | An array of allowed HTTP methods for CORS. The `Access-Control-Request-Method`\n  | is checked against the following list.\n  |\n  | Following is the list of default methods. Feel free to add more.\n  */\n  methods: ['GET', 'HEAD', 'POST', 'PUT', 'DELETE'],\n\n  /*\n  |--------------------------------------------------------------------------\n  | Headers\n  |--------------------------------------------------------------------------\n  |\n  | List of headers to be allowed for `Access-Control-Allow-Headers` header.\n  | The value can be one of the following:\n  |\n  | https://developer.mozilla.org/en-US/docs/Web/HTTP/Headers/Access-Control-Request-Headers\n  |\n  | Boolean(true)     - Allow all headers mentioned in `Access-Control-Request-Headers`.\n  | Boolean(false)    - Disallow all headers.\n  | String            - Comma separated list of allowed headers.\n  | Array             - An array of allowed headers.\n  | Function          - Receives the current header and should return one of the above values.\n  |\n  */\n  headers: true,\n\n  /*\n  |--------------------------------------------------------------------------\n  | Expose Headers\n  |--------------------------------------------------------------------------\n  |\n  | A list of headers to be exposed by setting `Access-Control-Expose-Headers`.\n  | header. By default following 6 simple response headers are exposed.\n  |\n  | Cache-Control\n  | Content-Language\n  | Content-Type\n  | Expires\n  | Last-Modified\n  | Pragma\n  |\n  | In order to add more headers, simply define them inside the following array.\n  |\n  | https://developer.mozilla.org/en-US/docs/Web/HTTP/Headers/Access-Control-Expose-Headers\n  |\n  */\n  exposeHeaders: [\n    'cache-control',\n    'content-language',\n    'content-type',\n    'expires',\n    'last-modified',\n    'pragma',\n  ],\n\n  /*\n  |--------------------------------------------------------------------------\n  | Credentials\n  |--------------------------------------------------------------------------\n  |\n  | Toggle `Access-Control-Allow-Credentials` header. If value is set to `true`,\n  | then header will be set, otherwise not.\n  |\n  | https://developer.mozilla.org/en-US/docs/Web/HTTP/Headers/Access-Control-Allow-Credentials\n  |\n  */\n  credentials: true,\n\n  /*\n  |--------------------------------------------------------------------------\n  | MaxAge\n  |--------------------------------------------------------------------------\n  |\n  | Define `Access-Control-Max-Age` header in seconds.\n  | https://developer.mozilla.org/en-US/docs/Web/HTTP/Headers/Access-Control-Max-Age\n  |\n  */\n  maxAge: 90,\n}\n\nexport default corsConfig\n"]},"_coverageSchema":"1a1c01bbd47fc00a2c39e90264f33305004495a9","hash":"d6db64ac074899e87aaf259a2f53d9ab954b62b3","contentHash":"ec71ea45d722ff2c6346bfcacf3903498094b9d053d7d3e1461ab09c601f2032"},"C:\\Estudos\\todo-app-backend\\config\\database.ts":{"path":"C:\\Estudos\\todo-app-backend\\config\\database.ts","statementMap":{"0":{"start":{"line":2,"column":22},"end":{"line":4,"column":1}},"1":{"start":{"line":3,"column":4},"end":{"line":3,"column":62}},"2":{"start":{"line":5,"column":0},"end":{"line":5,"column":62}},"3":{"start":{"line":6,"column":14},"end":{"line":6,"column":79}},"4":{"start":{"line":7,"column":23},"end":{"line":26,"column":1}},"5":{"start":{"line":27,"column":0},"end":{"line":27,"column":33}}},"fnMap":{"0":{"name":"(anonymous_0)","decl":{"start":{"line":2,"column":56},"end":{"line":2,"column":57}},"loc":{"start":{"line":2,"column":71},"end":{"line":4,"column":1}},"line":2}},"branchMap":{"0":{"loc":{"start":{"line":2,"column":22},"end":{"line":4,"column":1}},"type":"binary-expr","locations":[{"start":{"line":2,"column":23},"end":{"line":2,"column":27}},{"start":{"line":2,"column":31},"end":{"line":2,"column":51}},{"start":{"line":2,"column":56},"end":{"line":4,"column":1}}],"line":2},"1":{"loc":{"start":{"line":3,"column":11},"end":{"line":3,"column":61}},"type":"cond-expr","locations":[{"start":{"line":3,"column":37},"end":{"line":3,"column":40}},{"start":{"line":3,"column":43},"end":{"line":3,"column":61}}],"line":3},"2":{"loc":{"start":{"line":3,"column":12},"end":{"line":3,"column":33}},"type":"binary-expr","locations":[{"start":{"line":3,"column":12},"end":{"line":3,"column":15}},{"start":{"line":3,"column":19},"end":{"line":3,"column":33}}],"line":3}},"s":{"0":1,"1":1,"2":1,"3":1,"4":1,"5":1},"f":{"0":1},"b":{"0":[1,1,1],"1":[0,1],"2":[1,1]},"inputSourceMap":{"version":3,"file":"database.js","sourceRoot":"","sources":["database.ts"],"names":[],"mappings":";;;;;AAOA,gFAAsC;AAGtC,MAAM,cAAc,GAAmB;IAWrC,UAAU,EAAE,aAAG,CAAC,GAAG,CAAC,eAAe,CAAC;IAEpC,WAAW,EAAE;QAYX,KAAK,EAAE;YACL,MAAM,EAAE,QAAQ;YAChB,UAAU,EAAE;gBACV,IAAI,EAAE,aAAG,CAAC,GAAG,CAAC,YAAY,CAAC;gBAC3B,IAAI,EAAE,aAAG,CAAC,GAAG,CAAC,YAAY,CAAC;gBAC3B,IAAI,EAAE,aAAG,CAAC,GAAG,CAAC,YAAY,CAAC;gBAC3B,QAAQ,EAAE,aAAG,CAAC,GAAG,CAAC,gBAAgB,EAAE,EAAE,CAAC;gBACvC,QAAQ,EAAE,aAAG,CAAC,GAAG,CAAC,eAAe,CAAC;aACnC;YACD,UAAU,EAAE;gBACV,WAAW,EAAE,IAAI;aAClB;YACD,WAAW,EAAE,KAAK;YAClB,KAAK,EAAE,KAAK;SACb;KAEF;CACF,CAAA;AAED,kBAAe,cAAc,CAAA","sourcesContent":["/**\n * Config source: https://git.io/JesV9\n *\n * Feel free to let us know via PR, if you find something broken in this config\n * file.\n */\n\nimport Env from '@ioc:Adonis/Core/Env'\nimport type { DatabaseConfig } from '@ioc:Adonis/Lucid/Database'\n\nconst databaseConfig: DatabaseConfig = {\n  /*\n  |--------------------------------------------------------------------------\n  | Connection\n  |--------------------------------------------------------------------------\n  |\n  | The primary connection for making database queries across the application\n  | You can use any key from the `connections` object defined in this same\n  | file.\n  |\n  */\n  connection: Env.get('DB_CONNECTION'),\n\n  connections: {\n    /*\n    |--------------------------------------------------------------------------\n    | MySQL config\n    |--------------------------------------------------------------------------\n    |\n    | Configuration for MySQL database. Make sure to install the driver\n    | from npm when using this connection\n    |\n    | npm i mysql2\n    |\n    */\n    mysql: {\n      client: 'mysql2',\n      connection: {\n        host: Env.get('MYSQL_HOST'),\n        port: Env.get('MYSQL_PORT'),\n        user: Env.get('MYSQL_USER'),\n        password: Env.get('MYSQL_PASSWORD', ''),\n        database: Env.get('MYSQL_DB_NAME'),\n      },\n      migrations: {\n        naturalSort: true,\n      },\n      healthCheck: false,\n      debug: false,\n    },\n\n  }\n}\n\nexport default databaseConfig\n"]},"_coverageSchema":"1a1c01bbd47fc00a2c39e90264f33305004495a9","hash":"1a04e9444c8d3178e34d946f4b93d6d89f704f40","contentHash":"11f28944d35a3aeceb91d59a82f03bbd7cf19749b2903fff3ab79879a50b0666"},"C:\\Estudos\\todo-app-backend\\config\\drive.ts":{"path":"C:\\Estudos\\todo-app-backend\\config\\drive.ts","statementMap":{"0":{"start":{"line":2,"column":22},"end":{"line":4,"column":1}},"1":{"start":{"line":3,"column":4},"end":{"line":3,"column":62}},"2":{"start":{"line":5,"column":0},"end":{"line":5,"column":62}},"3":{"start":{"line":6,"column":14},"end":{"line":6,"column":79}},"4":{"start":{"line":7,"column":17},"end":{"line":7,"column":55}},"5":{"start":{"line":8,"column":22},"end":{"line":8,"column":95}},"6":{"start":{"line":9,"column":0},"end":{"line":20,"column":3}}},"fnMap":{"0":{"name":"(anonymous_0)","decl":{"start":{"line":2,"column":56},"end":{"line":2,"column":57}},"loc":{"start":{"line":2,"column":71},"end":{"line":4,"column":1}},"line":2}},"branchMap":{"0":{"loc":{"start":{"line":2,"column":22},"end":{"line":4,"column":1}},"type":"binary-expr","locations":[{"start":{"line":2,"column":23},"end":{"line":2,"column":27}},{"start":{"line":2,"column":31},"end":{"line":2,"column":51}},{"start":{"line":2,"column":56},"end":{"line":4,"column":1}}],"line":2},"1":{"loc":{"start":{"line":3,"column":11},"end":{"line":3,"column":61}},"type":"cond-expr","locations":[{"start":{"line":3,"column":37},"end":{"line":3,"column":40}},{"start":{"line":3,"column":43},"end":{"line":3,"column":61}}],"line":3},"2":{"loc":{"start":{"line":3,"column":12},"end":{"line":3,"column":33}},"type":"binary-expr","locations":[{"start":{"line":3,"column":12},"end":{"line":3,"column":15}},{"start":{"line":3,"column":19},"end":{"line":3,"column":33}}],"line":3}},"s":{"0":1,"1":2,"2":1,"3":1,"4":1,"5":1,"6":1},"f":{"0":2},"b":{"0":[1,1,1],"1":[0,2],"2":[2,2]},"inputSourceMap":{"version":3,"file":"drive.js","sourceRoot":"","sources":["drive.ts"],"names":[],"mappings":";;;;;AAOA,gFAAsC;AACtC,wDAAyD;AACzD,gGAAsD;AAWtD,kBAAe,IAAA,oBAAW,EAAC;IAUzB,IAAI,EAAE,aAAG,CAAC,GAAG,CAAC,YAAY,CAAC;IAE3B,KAAK,EAAE;QAUL,KAAK,EAAE;YACL,MAAM,EAAE,OAAO;YACf,UAAU,EAAE,QAAQ;YAWpB,IAAI,EAAE,qBAAW,CAAC,OAAO,CAAC,SAAS,CAAC;YAYpC,UAAU,EAAE,IAAI;YAYhB,QAAQ,EAAE,UAAU;SACrB;KAmEF;CACF,CAAC,CAAA","sourcesContent":["/**\n * Config source: https://git.io/JBt3o\n *\n * Feel free to let us know via PR, if you find something broken in this config\n * file.\n */\n\nimport Env from '@ioc:Adonis/Core/Env'\nimport { driveConfig } from '@adonisjs/core/build/config'\nimport Application from '@ioc:Adonis/Core/Application'\n\n/*\n|--------------------------------------------------------------------------\n| Drive Config\n|--------------------------------------------------------------------------\n|\n| The `DriveConfig` relies on the `DisksList` interface which is\n| defined inside the `contracts` directory.\n|\n*/\nexport default driveConfig({\n  /*\n  |--------------------------------------------------------------------------\n  | Default disk\n  |--------------------------------------------------------------------------\n  |\n  | The default disk to use for managing file uploads. The value is driven by\n  | the `DRIVE_DISK` environment variable.\n  |\n  */\n  disk: Env.get('DRIVE_DISK'),\n\n  disks: {\n    /*\n    |--------------------------------------------------------------------------\n    | Local\n    |--------------------------------------------------------------------------\n    |\n    | Uses the local file system to manage files. Make sure to turn off serving\n    | files when not using this disk.\n    |\n    */\n    local: {\n      driver: 'local',\n      visibility: 'public',\n\n      /*\n      |--------------------------------------------------------------------------\n      | Storage root - Local driver only\n      |--------------------------------------------------------------------------\n      |\n      | Define an absolute path to the storage directory from where to read the\n      | files.\n      |\n      */\n      root: Application.tmpPath('uploads'),\n\n      /*\n      |--------------------------------------------------------------------------\n      | Serve files - Local driver only\n      |--------------------------------------------------------------------------\n      |\n      | When this is set to true, AdonisJS will configure a files server to serve\n      | files from the disk root. This is done to mimic the behavior of cloud\n      | storage services that has inbuilt capabilities to serve files.\n      |\n      */\n      serveFiles: true,\n\n      /*\n      |--------------------------------------------------------------------------\n      | Base path - Local driver only\n      |--------------------------------------------------------------------------\n      |\n      | Base path is always required when \"serveFiles = true\". Also make sure\n      | the `basePath` is unique across all the disks using \"local\" driver and\n      | you are not registering routes with this prefix.\n      |\n      */\n      basePath: '/uploads',\n    },\n\n    /*\n    |--------------------------------------------------------------------------\n    | S3 Driver\n    |--------------------------------------------------------------------------\n    |\n    | Uses the S3 cloud storage to manage files. Make sure to install the s3\n    | drive separately when using it.\n    |\n    |**************************************************************************\n    | npm i @adonisjs/drive-s3\n    |**************************************************************************\n    |\n    */\n    // s3: {\n    //   driver: 's3',\n    //   visibility: 'public',\n    //   key: Env.get('S3_KEY'),\n    //   secret: Env.get('S3_SECRET'),\n    //   region: Env.get('S3_REGION'),\n    //   bucket: Env.get('S3_BUCKET'),\n    //   endpoint: Env.get('S3_ENDPOINT'),\n    //\n    //  // For minio to work\n    //  // forcePathStyle: true,\n    // },\n\n    /*\n    |--------------------------------------------------------------------------\n    | GCS Driver\n    |--------------------------------------------------------------------------\n    |\n    | Uses the Google cloud storage to manage files. Make sure to install the GCS\n    | drive separately when using it.\n    |\n    |**************************************************************************\n    | npm i @adonisjs/drive-gcs\n    |**************************************************************************\n    |\n    */\n    // gcs: {\n    //   driver: 'gcs',\n    //   visibility: 'public',\n    //   keyFilename: Env.get('GCS_KEY_FILENAME'),\n    //   bucket: Env.get('GCS_BUCKET'),\n\n      /*\n      |--------------------------------------------------------------------------\n      | Uniform ACL - Google cloud storage only\n      |--------------------------------------------------------------------------\n      |\n      | When using the Uniform ACL on the bucket, the \"visibility\" option is\n      | ignored. Since, the files ACL is managed by the google bucket policies\n      | directly.\n      |\n      |**************************************************************************\n      | Learn more: https://cloud.google.com/storage/docs/uniform-bucket-level-access\n      |**************************************************************************\n      |\n      | The following option just informs drive whether your bucket is using uniform\n      | ACL or not. The actual setting needs to be toggled within the Google cloud\n      | console.\n      |\n      */\n    //   usingUniformAcl: false,\n    // },\n  },\n})\n"]},"_coverageSchema":"1a1c01bbd47fc00a2c39e90264f33305004495a9","hash":"c864940f5bd2de97a6ce73d2c709fae7660d0d8a","contentHash":"982ae6f35738bf3062e3b658f10c7ced9f6179cc91a2f85c5103e42ceb9f426a"},"C:\\Estudos\\todo-app-backend\\config\\hash.ts":{"path":"C:\\Estudos\\todo-app-backend\\config\\hash.ts","statementMap":{"0":{"start":{"line":2,"column":22},"end":{"line":4,"column":1}},"1":{"start":{"line":3,"column":4},"end":{"line":3,"column":62}},"2":{"start":{"line":5,"column":0},"end":{"line":5,"column":62}},"3":{"start":{"line":6,"column":14},"end":{"line":6,"column":79}},"4":{"start":{"line":7,"column":17},"end":{"line":7,"column":55}},"5":{"start":{"line":8,"column":0},"end":{"line":33,"column":3}}},"fnMap":{"0":{"name":"(anonymous_0)","decl":{"start":{"line":2,"column":56},"end":{"line":2,"column":57}},"loc":{"start":{"line":2,"column":71},"end":{"line":4,"column":1}},"line":2}},"branchMap":{"0":{"loc":{"start":{"line":2,"column":22},"end":{"line":4,"column":1}},"type":"binary-expr","locations":[{"start":{"line":2,"column":23},"end":{"line":2,"column":27}},{"start":{"line":2,"column":31},"end":{"line":2,"column":51}},{"start":{"line":2,"column":56},"end":{"line":4,"column":1}}],"line":2},"1":{"loc":{"start":{"line":3,"column":11},"end":{"line":3,"column":61}},"type":"cond-expr","locations":[{"start":{"line":3,"column":37},"end":{"line":3,"column":40}},{"start":{"line":3,"column":43},"end":{"line":3,"column":61}}],"line":3},"2":{"loc":{"start":{"line":3,"column":12},"end":{"line":3,"column":33}},"type":"binary-expr","locations":[{"start":{"line":3,"column":12},"end":{"line":3,"column":15}},{"start":{"line":3,"column":19},"end":{"line":3,"column":33}}],"line":3}},"s":{"0":1,"1":1,"2":1,"3":1,"4":1,"5":1},"f":{"0":1},"b":{"0":[1,1,1],"1":[0,1],"2":[1,1]},"inputSourceMap":{"version":3,"file":"hash.js","sourceRoot":"","sources":["hash.ts"],"names":[],"mappings":";;;;;AAOA,gFAAsC;AACtC,wDAAwD;AAWxD,kBAAe,IAAA,mBAAU,EAAC;IAUxB,OAAO,EAAE,aAAG,CAAC,GAAG,CAAC,aAAa,EAAE,QAAQ,CAAC;IAEzC,IAAI,EAAE;QAcJ,MAAM,EAAE;YACN,MAAM,EAAE,QAAQ;YAChB,IAAI,EAAE,KAAK;YACX,SAAS,EAAE,CAAC;YACZ,eAAe,EAAE,CAAC;YAClB,QAAQ,EAAE,EAAE;YACZ,SAAS,EAAE,EAAE;YACb,SAAS,EAAE,EAAE,GAAG,IAAI,GAAG,IAAI;SAC5B;QAeD,KAAK,EAAE;YACL,MAAM,EAAE,QAAQ;YAChB,OAAO,EAAE,IAAI;YACb,UAAU,EAAE,CAAC;YACb,MAAM,EAAE,IAAI;YACZ,WAAW,EAAE,CAAC;YACd,QAAQ,EAAE,EAAE;SACb;QAeD,MAAM,EAAE;YACN,MAAM,EAAE,QAAQ;YAChB,MAAM,EAAE,EAAE;SACX;KACF;CACF,CAAC,CAAA","sourcesContent":["/**\n * Config source: https://git.io/JfefW\n *\n * Feel free to let us know via PR, if you find something broken in this config\n * file.\n */\n\nimport Env from '@ioc:Adonis/Core/Env'\nimport { hashConfig } from '@adonisjs/core/build/config'\n\n/*\n|--------------------------------------------------------------------------\n| Hash Config\n|--------------------------------------------------------------------------\n|\n| The `HashConfig` relies on the `HashList` interface which is\n| defined inside `contracts` directory.\n|\n*/\nexport default hashConfig({\n  /*\n  |--------------------------------------------------------------------------\n  | Default hasher\n  |--------------------------------------------------------------------------\n  |\n  | By default we make use of the argon hasher to hash values. However, feel\n  | free to change the default value\n  |\n  */\n  default: Env.get('HASH_DRIVER', 'scrypt'),\n\n  list: {\n    /*\n    |--------------------------------------------------------------------------\n    | scrypt\n    |--------------------------------------------------------------------------\n    |\n    | Scrypt mapping uses the Node.js inbuilt crypto module for creating\n    | hashes.\n    |\n    | We are using the default configuration recommended within the Node.js\n    | documentation.\n    | https://nodejs.org/api/crypto.html#cryptoscryptpassword-salt-keylen-options-callback\n    |\n    */\n    scrypt: {\n      driver: 'scrypt',\n      cost: 16384,\n      blockSize: 8,\n      parallelization: 1,\n      saltSize: 16,\n      keyLength: 64,\n      maxMemory: 32 * 1024 * 1024,\n    },\n\n    /*\n    |--------------------------------------------------------------------------\n    | Argon\n    |--------------------------------------------------------------------------\n    |\n    | Argon mapping uses the `argon2` driver to hash values.\n    |\n    | Make sure you install the underlying dependency for this driver to work.\n    | https://www.npmjs.com/package/phc-argon2.\n    |\n    | npm install phc-argon2\n    |\n    */\n    argon: {\n      driver: 'argon2',\n      variant: 'id',\n      iterations: 3,\n      memory: 4096,\n      parallelism: 1,\n      saltSize: 16,\n    },\n\n    /*\n    |--------------------------------------------------------------------------\n    | Bcrypt\n    |--------------------------------------------------------------------------\n    |\n    | Bcrypt mapping uses the `bcrypt` driver to hash values.\n    |\n    | Make sure you install the underlying dependency for this driver to work.\n    | https://www.npmjs.com/package/phc-bcrypt.\n    |\n    | npm install phc-bcrypt\n    |\n    */\n    bcrypt: {\n      driver: 'bcrypt',\n      rounds: 10,\n    },\n  },\n})\n"]},"_coverageSchema":"1a1c01bbd47fc00a2c39e90264f33305004495a9","hash":"cb4ff31f6d2b613d66a4030475a693a1dbf3a1b0","contentHash":"deba55449e1ca8a2444ba60ec595373ad485a04ae173f472eb3ee3d0bb6edcc1"},"C:\\Estudos\\todo-app-backend\\providers\\AppProvider.ts":{"path":"C:\\Estudos\\todo-app-backend\\providers\\AppProvider.ts","statementMap":{"0":{"start":{"line":2,"column":0},"end":{"line":2,"column":62}},"1":{"start":{"line":5,"column":8},"end":{"line":5,"column":23}},"2":{"start":{"line":16,"column":0},"end":{"line":16,"column":30}}},"fnMap":{"0":{"name":"(anonymous_0)","decl":{"start":{"line":4,"column":4},"end":{"line":4,"column":5}},"loc":{"start":{"line":4,"column":21},"end":{"line":6,"column":5}},"line":4},"1":{"name":"(anonymous_1)","decl":{"start":{"line":7,"column":4},"end":{"line":7,"column":5}},"loc":{"start":{"line":7,"column":15},"end":{"line":8,"column":5}},"line":7},"2":{"name":"(anonymous_2)","decl":{"start":{"line":9,"column":4},"end":{"line":9,"column":5}},"loc":{"start":{"line":9,"column":17},"end":{"line":10,"column":5}},"line":9},"3":{"name":"(anonymous_3)","decl":{"start":{"line":11,"column":4},"end":{"line":11,"column":5}},"loc":{"start":{"line":11,"column":18},"end":{"line":12,"column":5}},"line":11},"4":{"name":"(anonymous_4)","decl":{"start":{"line":13,"column":4},"end":{"line":13,"column":5}},"loc":{"start":{"line":13,"column":21},"end":{"line":14,"column":5}},"line":13}},"branchMap":{},"s":{"0":1,"1":1,"2":1},"f":{"0":1,"1":1,"2":1,"3":1,"4":1},"b":{},"inputSourceMap":{"version":3,"file":"AppProvider.js","sourceRoot":"","sources":["AppProvider.ts"],"names":[],"mappings":";;AAEA,MAAqB,WAAW;IAC9B,YAAuB,GAAwB;QAAxB,QAAG,GAAH,GAAG,CAAqB;IAC/C,CAAC;IAEM,QAAQ;IAEf,CAAC;IAEM,KAAK,CAAC,IAAI;IAEjB,CAAC;IAEM,KAAK,CAAC,KAAK;IAElB,CAAC;IAEM,KAAK,CAAC,QAAQ;IAErB,CAAC;CACF;AAnBD,8BAmBC","sourcesContent":["import type { ApplicationContract } from '@ioc:Adonis/Core/Application'\n\nexport default class AppProvider {\n  constructor (protected app: ApplicationContract) {\n  }\n\n  public register () {\n    // Register your own bindings\n  }\n\n  public async boot () {\n    // IoC container is ready\n  }\n\n  public async ready () {\n    // App is ready\n  }\n\n  public async shutdown () {\n    // Cleanup, since app is going down\n  }\n}\n"]},"_coverageSchema":"1a1c01bbd47fc00a2c39e90264f33305004495a9","hash":"9bbaeb703469947ac092f7d2fd19be947e2ddbb4","contentHash":"90e443475a223a07d71d591c3dfe07f7fba83a1af74d82647701d1ccb3ba0207"},"C:\\Estudos\\todo-app-backend\\start\\routes.ts":{"path":"C:\\Estudos\\todo-app-backend\\start\\routes.ts","statementMap":{"0":{"start":{"line":2,"column":22},"end":{"line":4,"column":1}},"1":{"start":{"line":3,"column":4},"end":{"line":3,"column":62}},"2":{"start":{"line":5,"column":0},"end":{"line":5,"column":62}},"3":{"start":{"line":6,"column":16},"end":{"line":6,"column":83}},"4":{"start":{"line":7,"column":0},"end":{"line":13,"column":3}},"5":{"start":{"line":8,"column":4},"end":{"line":8,"column":34}},"6":{"start":{"line":9,"column":4},"end":{"line":9,"column":44}},"7":{"start":{"line":10,"column":4},"end":{"line":10,"column":34}},"8":{"start":{"line":11,"column":4},"end":{"line":11,"column":50}},"9":{"start":{"line":12,"column":4},"end":{"line":12,"column":68}}},"fnMap":{"0":{"name":"(anonymous_0)","decl":{"start":{"line":2,"column":56},"end":{"line":2,"column":57}},"loc":{"start":{"line":2,"column":71},"end":{"line":4,"column":1}},"line":2},"1":{"name":"(anonymous_1)","decl":{"start":{"line":7,"column":22},"end":{"line":7,"column":23}},"loc":{"start":{"line":7,"column":28},"end":{"line":13,"column":1}},"line":7}},"branchMap":{"0":{"loc":{"start":{"line":2,"column":22},"end":{"line":4,"column":1}},"type":"binary-expr","locations":[{"start":{"line":2,"column":23},"end":{"line":2,"column":27}},{"start":{"line":2,"column":31},"end":{"line":2,"column":51}},{"start":{"line":2,"column":56},"end":{"line":4,"column":1}}],"line":2},"1":{"loc":{"start":{"line":3,"column":11},"end":{"line":3,"column":61}},"type":"cond-expr","locations":[{"start":{"line":3,"column":37},"end":{"line":3,"column":40}},{"start":{"line":3,"column":43},"end":{"line":3,"column":61}}],"line":3},"2":{"loc":{"start":{"line":3,"column":12},"end":{"line":3,"column":33}},"type":"binary-expr","locations":[{"start":{"line":3,"column":12},"end":{"line":3,"column":15}},{"start":{"line":3,"column":19},"end":{"line":3,"column":33}}],"line":3}},"s":{"0":1,"1":1,"2":1,"3":1,"4":1,"5":1,"6":1,"7":1,"8":1,"9":1},"f":{"0":1,"1":1},"b":{"0":[1,1,1],"1":[0,1],"2":[1,1]},"inputSourceMap":{"version":3,"file":"routes.js","sourceRoot":"","sources":["routes.ts"],"names":[],"mappings":";;;;;AAoBA,oFAA0C;AAE1C,eAAK,CAAC,KAAK,CAAC,GAAG,EAAE;IACb,OAAO,CAAC,oBAAoB,CAAC,CAAC;IAC9B,OAAO,CAAC,8BAA8B,CAAC,CAAC;IACxC,OAAO,CAAC,oBAAoB,CAAC,CAAA;IAC7B,OAAO,CAAC,oCAAoC,CAAC,CAAA;IAC7C,OAAO,CAAC,sDAAsD,CAAC,CAAA;AACnE,CAAC,CAAC,CAAA","sourcesContent":["/*\n|--------------------------------------------------------------------------\n| Routes\n|--------------------------------------------------------------------------\n|\n| This file is dedicated for defining HTTP routes. A single file is enough\n| for majority of projects, however you can define routes in different\n| files and just make sure to import them inside this file. For example\n|\n| Define routes in following two files\n| ├── start/routes/cart.ts\n| ├── start/routes/customer.ts\n|\n| and then import them inside `start/routes.ts` as follows\n|\n| import './routes/cart'\n| import './routes/customer'\n|\n*/\n\nimport Route from '@ioc:Adonis/Core/Route'\n\nRoute.group(() => {\n    require(\"./user/user.routes\");\n    require(\"./authentication/auth.routes\");\n    require('./task/task.routes')\n    require('./sharing-task/sharing-task.routes')\n    require('./task-activity-history/task-activity-history.routes')\n})\n"]},"_coverageSchema":"1a1c01bbd47fc00a2c39e90264f33305004495a9","hash":"0ad103304317f15706a1f370fe44d94bd9a7f023","contentHash":"bd3977eb7d27c6e1c02117d369c60cf01f2ce89eaf5c85bd051f648eb358f147"},"C:\\Estudos\\todo-app-backend\\start\\user\\user.routes.ts":{"path":"C:\\Estudos\\todo-app-backend\\start\\user\\user.routes.ts","statementMap":{"0":{"start":{"line":2,"column":22},"end":{"line":4,"column":1}},"1":{"start":{"line":3,"column":4},"end":{"line":3,"column":62}},"2":{"start":{"line":5,"column":0},"end":{"line":5,"column":62}},"3":{"start":{"line":6,"column":16},"end":{"line":6,"column":83}},"4":{"start":{"line":7,"column":0},"end":{"line":7,"column":74}},"5":{"start":{"line":8,"column":0},"end":{"line":8,"column":56}},"6":{"start":{"line":9,"column":0},"end":{"line":9,"column":77}},"7":{"start":{"line":10,"column":0},"end":{"line":10,"column":81}},"8":{"start":{"line":11,"column":0},"end":{"line":11,"column":83}}},"fnMap":{"0":{"name":"(anonymous_0)","decl":{"start":{"line":2,"column":56},"end":{"line":2,"column":57}},"loc":{"start":{"line":2,"column":71},"end":{"line":4,"column":1}},"line":2}},"branchMap":{"0":{"loc":{"start":{"line":2,"column":22},"end":{"line":4,"column":1}},"type":"binary-expr","locations":[{"start":{"line":2,"column":23},"end":{"line":2,"column":27}},{"start":{"line":2,"column":31},"end":{"line":2,"column":51}},{"start":{"line":2,"column":56},"end":{"line":4,"column":1}}],"line":2},"1":{"loc":{"start":{"line":3,"column":11},"end":{"line":3,"column":61}},"type":"cond-expr","locations":[{"start":{"line":3,"column":37},"end":{"line":3,"column":40}},{"start":{"line":3,"column":43},"end":{"line":3,"column":61}}],"line":3},"2":{"loc":{"start":{"line":3,"column":12},"end":{"line":3,"column":33}},"type":"binary-expr","locations":[{"start":{"line":3,"column":12},"end":{"line":3,"column":15}},{"start":{"line":3,"column":19},"end":{"line":3,"column":33}}],"line":3}},"s":{"0":1,"1":1,"2":1,"3":1,"4":1,"5":1,"6":1,"7":1,"8":1},"f":{"0":1},"b":{"0":[1,1,1],"1":[0,1],"2":[1,1]},"inputSourceMap":{"version":3,"file":"user.routes.js","sourceRoot":"","sources":["user.routes.ts"],"names":[],"mappings":";;;;;AAAA,oFAA2C;AAE3C,eAAK,CAAC,GAAG,CAAC,QAAQ,EAAE,uBAAuB,CAAC,CAAC,UAAU,CAAC,MAAM,CAAC,CAAC;AAChE,eAAK,CAAC,IAAI,CAAC,QAAQ,EAAE,uBAAuB,CAAC,CAAC;AAC9C,eAAK,CAAC,GAAG,CAAC,YAAY,EAAE,sBAAsB,CAAC,CAAC,UAAU,CAAC,MAAM,CAAC,CAAC;AACnE,eAAK,CAAC,KAAK,CAAC,YAAY,EAAE,wBAAwB,CAAC,CAAC,UAAU,CAAC,MAAM,CAAC,CAAC;AACvE,eAAK,CAAC,MAAM,CAAC,YAAY,EAAE,yBAAyB,CAAC,CAAC,UAAU,CAAC,MAAM,CAAC,CAAC","sourcesContent":["import Route from \"@ioc:Adonis/Core/Route\";\n\nRoute.get(\"/users\", \"UsersController.index\").middleware(\"auth\");\nRoute.post(\"/users\", \"UsersController.store\");\nRoute.get(\"/users/:id\", \"UsersController.show\").middleware(\"auth\");\nRoute.patch(\"/users/:id\", \"UsersController.update\").middleware(\"auth\");\nRoute.delete(\"/users/:id\", \"UsersController.destroy\").middleware(\"auth\");\n"]},"_coverageSchema":"1a1c01bbd47fc00a2c39e90264f33305004495a9","hash":"ffdd1325741ad73e83c8a3016f34bd1d9fbdc836","contentHash":"d46acffd8ba619bb88efc88cee8dcf03e511fe306b384c1dcd642f62616b378b"},"C:\\Estudos\\todo-app-backend\\start\\authentication\\auth.routes.ts":{"path":"C:\\Estudos\\todo-app-backend\\start\\authentication\\auth.routes.ts","statementMap":{"0":{"start":{"line":2,"column":22},"end":{"line":4,"column":1}},"1":{"start":{"line":3,"column":4},"end":{"line":3,"column":62}},"2":{"start":{"line":5,"column":0},"end":{"line":5,"column":62}},"3":{"start":{"line":6,"column":16},"end":{"line":6,"column":83}},"4":{"start":{"line":7,"column":0},"end":{"line":9,"column":3}},"5":{"start":{"line":8,"column":4},"end":{"line":8,"column":59}}},"fnMap":{"0":{"name":"(anonymous_0)","decl":{"start":{"line":2,"column":56},"end":{"line":2,"column":57}},"loc":{"start":{"line":2,"column":71},"end":{"line":4,"column":1}},"line":2},"1":{"name":"(anonymous_1)","decl":{"start":{"line":7,"column":22},"end":{"line":7,"column":23}},"loc":{"start":{"line":7,"column":28},"end":{"line":9,"column":1}},"line":7}},"branchMap":{"0":{"loc":{"start":{"line":2,"column":22},"end":{"line":4,"column":1}},"type":"binary-expr","locations":[{"start":{"line":2,"column":23},"end":{"line":2,"column":27}},{"start":{"line":2,"column":31},"end":{"line":2,"column":51}},{"start":{"line":2,"column":56},"end":{"line":4,"column":1}}],"line":2},"1":{"loc":{"start":{"line":3,"column":11},"end":{"line":3,"column":61}},"type":"cond-expr","locations":[{"start":{"line":3,"column":37},"end":{"line":3,"column":40}},{"start":{"line":3,"column":43},"end":{"line":3,"column":61}}],"line":3},"2":{"loc":{"start":{"line":3,"column":12},"end":{"line":3,"column":33}},"type":"binary-expr","locations":[{"start":{"line":3,"column":12},"end":{"line":3,"column":15}},{"start":{"line":3,"column":19},"end":{"line":3,"column":33}}],"line":3}},"s":{"0":1,"1":1,"2":1,"3":1,"4":1,"5":1},"f":{"0":1,"1":1},"b":{"0":[1,1,1],"1":[0,1],"2":[1,1]},"inputSourceMap":{"version":3,"file":"auth.routes.js","sourceRoot":"","sources":["auth.routes.ts"],"names":[],"mappings":";;;;;AAAA,oFAA2C;AAE3C,eAAK,CAAC,KAAK,CAAC,GAAG,EAAE;IACf,eAAK,CAAC,IAAI,CAAC,QAAQ,EAAE,sBAAsB,CAAC,CAAC;AAC/C,CAAC,CAAC,CAAA","sourcesContent":["import Route from \"@ioc:Adonis/Core/Route\";\n\nRoute.group(() => {\n  Route.post(\"/login\", \"AuthController.login\");\n})\n"]},"_coverageSchema":"1a1c01bbd47fc00a2c39e90264f33305004495a9","hash":"356417936af0655fc853c2d721216745d7d46e9d","contentHash":"8ec53c8753e13475be5dd0de9721d4b6bf04c8e6b46d3d980ed7826f61b14d64"},"C:\\Estudos\\todo-app-backend\\start\\task\\task.routes.ts":{"path":"C:\\Estudos\\todo-app-backend\\start\\task\\task.routes.ts","statementMap":{"0":{"start":{"line":2,"column":22},"end":{"line":4,"column":1}},"1":{"start":{"line":3,"column":4},"end":{"line":3,"column":62}},"2":{"start":{"line":5,"column":0},"end":{"line":5,"column":62}},"3":{"start":{"line":6,"column":16},"end":{"line":6,"column":83}},"4":{"start":{"line":7,"column":0},"end":{"line":7,"column":74}},"5":{"start":{"line":8,"column":0},"end":{"line":8,"column":77}},"6":{"start":{"line":9,"column":0},"end":{"line":9,"column":85}},"7":{"start":{"line":10,"column":0},"end":{"line":10,"column":93}},"8":{"start":{"line":11,"column":0},"end":{"line":11,"column":97}},"9":{"start":{"line":12,"column":0},"end":{"line":12,"column":75}},"10":{"start":{"line":13,"column":0},"end":{"line":13,"column":81}},"11":{"start":{"line":14,"column":0},"end":{"line":14,"column":82}}},"fnMap":{"0":{"name":"(anonymous_0)","decl":{"start":{"line":2,"column":56},"end":{"line":2,"column":57}},"loc":{"start":{"line":2,"column":71},"end":{"line":4,"column":1}},"line":2}},"branchMap":{"0":{"loc":{"start":{"line":2,"column":22},"end":{"line":4,"column":1}},"type":"binary-expr","locations":[{"start":{"line":2,"column":23},"end":{"line":2,"column":27}},{"start":{"line":2,"column":31},"end":{"line":2,"column":51}},{"start":{"line":2,"column":56},"end":{"line":4,"column":1}}],"line":2},"1":{"loc":{"start":{"line":3,"column":11},"end":{"line":3,"column":61}},"type":"cond-expr","locations":[{"start":{"line":3,"column":37},"end":{"line":3,"column":40}},{"start":{"line":3,"column":43},"end":{"line":3,"column":61}}],"line":3},"2":{"loc":{"start":{"line":3,"column":12},"end":{"line":3,"column":33}},"type":"binary-expr","locations":[{"start":{"line":3,"column":12},"end":{"line":3,"column":15}},{"start":{"line":3,"column":19},"end":{"line":3,"column":33}}],"line":3}},"s":{"0":1,"1":1,"2":1,"3":1,"4":1,"5":1,"6":1,"7":1,"8":1,"9":1,"10":1,"11":1},"f":{"0":1},"b":{"0":[1,1,1],"1":[0,1],"2":[1,1]},"inputSourceMap":{"version":3,"file":"task.routes.js","sourceRoot":"","sources":["task.routes.ts"],"names":[],"mappings":";;;;;AAAA,oFAA2C;AAE3C,eAAK,CAAC,GAAG,CAAC,QAAQ,EAAE,uBAAuB,CAAC,CAAC,UAAU,CAAC,MAAM,CAAC,CAAC;AAChE,eAAK,CAAC,GAAG,CAAC,YAAY,EAAE,sBAAsB,CAAC,CAAC,UAAU,CAAC,MAAM,CAAC,CAAC;AACnE,eAAK,CAAC,GAAG,CAAC,YAAY,EAAE,8BAA8B,CAAC,CAAC,UAAU,CAAC,MAAM,CAAC,CAAC;AAC3E,eAAK,CAAC,GAAG,CAAC,gBAAgB,EAAE,kCAAkC,CAAC,CAAC,UAAU,CAAC,MAAM,CAAC,CAAC;AACnF,eAAK,CAAC,GAAG,CAAC,kBAAkB,EAAE,oCAAoC,CAAC,CAAC,UAAU,CAC5E,MAAM,CACP,CAAC;AACF,eAAK,CAAC,IAAI,CAAC,QAAQ,EAAE,uBAAuB,CAAC,CAAC,UAAU,CAAC,MAAM,CAAC,CAAC;AACjE,eAAK,CAAC,KAAK,CAAC,YAAY,EAAE,wBAAwB,CAAC,CAAC,UAAU,CAAC,MAAM,CAAC,CAAC;AACvE,eAAK,CAAC,MAAM,CAAC,YAAY,EAAE,wBAAwB,CAAC,CAAC,UAAU,CAAC,MAAM,CAAC,CAAC","sourcesContent":["import Route from \"@ioc:Adonis/Core/Route\";\n\nRoute.get(\"/tasks\", \"TasksController.index\").middleware(\"auth\");\nRoute.get(\"/tasks/:id\", \"TasksController.show\").middleware(\"auth\");\nRoute.get(\"/task/user\", \"TasksController.getUserTasks\").middleware(\"auth\");\nRoute.get(\"/task/finished\", \"TasksController.getFinishedTasks\").middleware(\"auth\");\nRoute.get(\"/task/unfinished\", \"TasksController.getUnFinishedTasks\").middleware(\n  \"auth\"\n);\nRoute.post(\"/tasks\", \"TasksController.store\").middleware(\"auth\");\nRoute.patch(\"/tasks/:id\", \"TasksController.update\").middleware(\"auth\");\nRoute.delete(\"/tasks/:id\", \"TasksController.delete\").middleware(\"auth\");\n"]},"_coverageSchema":"1a1c01bbd47fc00a2c39e90264f33305004495a9","hash":"bbd9b92c8e647ea0b6f4c7c1c075ace9a95d8b49","contentHash":"81225a5a70bb986e90de4ee5b83eba66c5e4db2d90a6f1f749f8cfab308e432a"},"C:\\Estudos\\todo-app-backend\\start\\sharing-task\\sharing-task.routes.ts":{"path":"C:\\Estudos\\todo-app-backend\\start\\sharing-task\\sharing-task.routes.ts","statementMap":{"0":{"start":{"line":2,"column":22},"end":{"line":4,"column":1}},"1":{"start":{"line":3,"column":4},"end":{"line":3,"column":62}},"2":{"start":{"line":5,"column":0},"end":{"line":5,"column":62}},"3":{"start":{"line":6,"column":16},"end":{"line":6,"column":83}},"4":{"start":{"line":7,"column":0},"end":{"line":7,"column":89}},"5":{"start":{"line":8,"column":0},"end":{"line":8,"column":71}}},"fnMap":{"0":{"name":"(anonymous_0)","decl":{"start":{"line":2,"column":56},"end":{"line":2,"column":57}},"loc":{"start":{"line":2,"column":71},"end":{"line":4,"column":1}},"line":2}},"branchMap":{"0":{"loc":{"start":{"line":2,"column":22},"end":{"line":4,"column":1}},"type":"binary-expr","locations":[{"start":{"line":2,"column":23},"end":{"line":2,"column":27}},{"start":{"line":2,"column":31},"end":{"line":2,"column":51}},{"start":{"line":2,"column":56},"end":{"line":4,"column":1}}],"line":2},"1":{"loc":{"start":{"line":3,"column":11},"end":{"line":3,"column":61}},"type":"cond-expr","locations":[{"start":{"line":3,"column":37},"end":{"line":3,"column":40}},{"start":{"line":3,"column":43},"end":{"line":3,"column":61}}],"line":3},"2":{"loc":{"start":{"line":3,"column":12},"end":{"line":3,"column":33}},"type":"binary-expr","locations":[{"start":{"line":3,"column":12},"end":{"line":3,"column":15}},{"start":{"line":3,"column":19},"end":{"line":3,"column":33}}],"line":3}},"s":{"0":1,"1":1,"2":1,"3":1,"4":1,"5":1},"f":{"0":1},"b":{"0":[1,1,1],"1":[0,1],"2":[1,1]},"inputSourceMap":{"version":3,"file":"sharing-task.routes.js","sourceRoot":"","sources":["sharing-task.routes.ts"],"names":[],"mappings":";;;;;AAAA,oFAA2C;AAE3C,eAAK,CAAC,GAAG,CAAC,gBAAgB,EAAE,8BAA8B,CAAC,CAAC,UAAU,CAAC,MAAM,CAAC,CAAC;AAC/E,eAAK,CAAC,IAAI,CAAC,gBAAgB,EAAE,8BAA8B,CAAC,CAAC","sourcesContent":["import Route from \"@ioc:Adonis/Core/Route\";\n\nRoute.get(\"/sharing-tasks\", \"SharingTasksController.index\").middleware(\"auth\");\nRoute.post(\"/sharing-tasks\", \"SharingTasksController.store\");\n// Route.get(\"/users/:id\", \"UsersController.show\").middleware(\"auth\");\n// Route.patch(\"/users/:id\", \"UsersController.update\").middleware(\"auth\");\n// Route.delete(\"/users/:id\", \"UsersController.destroy\").middleware(\"auth\");\n"]},"_coverageSchema":"1a1c01bbd47fc00a2c39e90264f33305004495a9","hash":"bfa2c547e5b81d68a6678fabbd56e55b96a3045d","contentHash":"c7d1d7501044fd5fe532ac9d0d4e7a3a915cc094d571696eaf1a36f1fb2fef18"},"C:\\Estudos\\todo-app-backend\\start\\task-activity-history\\task-activity-history.routes.ts":{"path":"C:\\Estudos\\todo-app-backend\\start\\task-activity-history\\task-activity-history.routes.ts","statementMap":{"0":{"start":{"line":2,"column":22},"end":{"line":4,"column":1}},"1":{"start":{"line":3,"column":4},"end":{"line":3,"column":62}},"2":{"start":{"line":5,"column":0},"end":{"line":5,"column":62}},"3":{"start":{"line":6,"column":16},"end":{"line":6,"column":83}},"4":{"start":{"line":7,"column":0},"end":{"line":7,"column":106}},"5":{"start":{"line":8,"column":0},"end":{"line":8,"column":107}}},"fnMap":{"0":{"name":"(anonymous_0)","decl":{"start":{"line":2,"column":56},"end":{"line":2,"column":57}},"loc":{"start":{"line":2,"column":71},"end":{"line":4,"column":1}},"line":2}},"branchMap":{"0":{"loc":{"start":{"line":2,"column":22},"end":{"line":4,"column":1}},"type":"binary-expr","locations":[{"start":{"line":2,"column":23},"end":{"line":2,"column":27}},{"start":{"line":2,"column":31},"end":{"line":2,"column":51}},{"start":{"line":2,"column":56},"end":{"line":4,"column":1}}],"line":2},"1":{"loc":{"start":{"line":3,"column":11},"end":{"line":3,"column":61}},"type":"cond-expr","locations":[{"start":{"line":3,"column":37},"end":{"line":3,"column":40}},{"start":{"line":3,"column":43},"end":{"line":3,"column":61}}],"line":3},"2":{"loc":{"start":{"line":3,"column":12},"end":{"line":3,"column":33}},"type":"binary-expr","locations":[{"start":{"line":3,"column":12},"end":{"line":3,"column":15}},{"start":{"line":3,"column":19},"end":{"line":3,"column":33}}],"line":3}},"s":{"0":1,"1":1,"2":1,"3":1,"4":1,"5":1},"f":{"0":1},"b":{"0":[1,1,1],"1":[0,1],"2":[1,1]},"inputSourceMap":{"version":3,"file":"task-activity-history.routes.js","sourceRoot":"","sources":["task-activity-history.routes.ts"],"names":[],"mappings":";;;;;AAAA,oFAA2C;AAE3C,eAAK,CAAC,GAAG,CAAC,wBAAwB,EAAE,uCAAuC,CAAC,CAAC,UAAU,CAAC,MAAM,CAAC,CAAC;AAChG,eAAK,CAAC,IAAI,CACR,wBAAwB,EACxB,uCAAuC,CACxC,CAAC,UAAU,CAAC,MAAM,CAAC,CAAC","sourcesContent":["import Route from \"@ioc:Adonis/Core/Route\";\n\nRoute.get(\"/task-activity-history\", \"TaskActivityHistoriesController.index\").middleware(\"auth\");\nRoute.post(\n  \"/task-activity-history\",\n  \"TaskActivityHistoriesController.store\"\n).middleware(\"auth\");\n"]},"_coverageSchema":"1a1c01bbd47fc00a2c39e90264f33305004495a9","hash":"603db5a5e467798b0acd6ad9e349e7e390db1377","contentHash":"73c52f6b4ad10e87b9ed4363857d6d5d4004ad640b82e34d3d5d3a321a17686b"},"C:\\Estudos\\todo-app-backend\\start\\kernel.ts":{"path":"C:\\Estudos\\todo-app-backend\\start\\kernel.ts","statementMap":{"0":{"start":{"line":2,"column":22},"end":{"line":12,"column":3}},"1":{"start":{"line":3,"column":4},"end":{"line":3,"column":33}},"2":{"start":{"line":3,"column":26},"end":{"line":3,"column":33}},"3":{"start":{"line":4,"column":15},"end":{"line":4,"column":52}},"4":{"start":{"line":5,"column":4},"end":{"line":7,"column":5}},"5":{"start":{"line":6,"column":6},"end":{"line":6,"column":68}},"6":{"start":{"line":6,"column":51},"end":{"line":6,"column":63}},"7":{"start":{"line":8,"column":4},"end":{"line":8,"column":39}},"8":{"start":{"line":10,"column":4},"end":{"line":10,"column":33}},"9":{"start":{"line":10,"column":26},"end":{"line":10,"column":33}},"10":{"start":{"line":11,"column":4},"end":{"line":11,"column":17}},"11":{"start":{"line":13,"column":25},"end":{"line":17,"column":2}},"12":{"start":{"line":14,"column":4},"end":{"line":14,"column":72}},"13":{"start":{"line":16,"column":4},"end":{"line":16,"column":21}},"14":{"start":{"line":18,"column":19},"end":{"line":24,"column":1}},"15":{"start":{"line":19,"column":4},"end":{"line":19,"column":42}},"16":{"start":{"line":19,"column":31},"end":{"line":19,"column":42}},"17":{"start":{"line":20,"column":17},"end":{"line":20,"column":19}},"18":{"start":{"line":21,"column":4},"end":{"line":21,"column":141}},"19":{"start":{"line":21,"column":21},"end":{"line":21,"column":141}},"20":{"start":{"line":21,"column":40},"end":{"line":21,"column":141}},"21":{"start":{"line":21,"column":109},"end":{"line":21,"column":141}},"22":{"start":{"line":22,"column":4},"end":{"line":22,"column":36}},"23":{"start":{"line":23,"column":4},"end":{"line":23,"column":18}},"24":{"start":{"line":25,"column":22},"end":{"line":27,"column":1}},"25":{"start":{"line":26,"column":4},"end":{"line":26,"column":62}},"26":{"start":{"line":28,"column":0},"end":{"line":28,"column":62}},"27":{"start":{"line":29,"column":17},"end":{"line":29,"column":85}},"28":{"start":{"line":30,"column":0},"end":{"line":32,"column":3}},"29":{"start":{"line":31,"column":10},"end":{"line":31,"column":109}},"30":{"start":{"line":31,"column":39},"end":{"line":31,"column":108}},"31":{"start":{"line":33,"column":0},"end":{"line":35,"column":3}},"32":{"start":{"line":34,"column":16},"end":{"line":34,"column":112}},"33":{"start":{"line":34,"column":45},"end":{"line":34,"column":111}}},"fnMap":{"0":{"name":"(anonymous_0)","decl":{"start":{"line":2,"column":74},"end":{"line":2,"column":75}},"loc":{"start":{"line":2,"column":96},"end":{"line":9,"column":1}},"line":2},"1":{"name":"(anonymous_1)","decl":{"start":{"line":6,"column":38},"end":{"line":6,"column":39}},"loc":{"start":{"line":6,
[...]
column":9}}],"line":67},"10":{"loc":{"start":{"line":72,"column":8},"end":{"line":76,"column":9}},"type":"if","locations":[{"start":{"line":72,"column":8},"end":{"line":76,"column":9}},{"start":{"line":72,"column":8},"end":{"line":76,"column":9}}],"line":72},"11":{"loc":{"start":{"line":80,"column":8},"end":{"line":82,"column":9}},"type":"if","locations":[{"start":{"line":80,"column":8},"end":{"line":82,"column":9}},{"start":{"line":80,"column":8},"end":{"line":82,"column":9}}],"line":80}},"s":{"0":1,"1":2,"2":1,"3":1,"4":1,"5":1,"6":23,"7":8,"8":9,"9":16,"10":1,"11":15,"12":1,"13":14,"14":1,"15":13,"16":13,"17":13,"18":13,"19":13,"20":13,"21":13,"22":0,"23":0,"24":0,"25":3,"26":3,"27":1,"28":2,"29":1,"30":1,"31":3,"32":3,"33":1,"34":2,"35":1,"36":1,"37":2,"38":1,"39":1,"40":1,"41":1,"42":1},"f":{"0":2,"1":23,"2":8,"3":9,"4":16,"5":3,"6":3,"7":2,"8":1,"9":1},"b":{"0":[1,1,1],"1":[1,1],"2":[2,2],"3":[1,15],"4":[1,14],"5":[1,13],"6":[0,0],"7":[1,2],"8":[1,1],"9":[1,2],"10":[1,1],"11":[1,1]},"inputSourceMap":{"version":3,"file":"task.service.js","sourceRoot":"","sources":["task.service.ts"],"names":[],"mappings":";;;;;;AAAA,2FAAkD;AAElD,+GAAiE;AAIjE,MAAa,WAAW;IACtB,YAAoB,cAA8B;QAA9B,mBAAc,GAAd,cAAc,CAAgB;IAAG,CAAC;IAE/C,KAAK,CAAC,KAAK,CAAC,UAAuB,EAAE,MAAY;QAEtD,OAAO,MAAM,IAAI,CAAC,cAAc,CAAC,sBAAsB,CAAC,UAAU,EAAE,MAAM,CAAC,CAAC;IAC9E,CAAC;IAEM,KAAK,CAAC,OAAO,CAAC,EAAU;QAC7B,OAAO,MAAM,IAAI,CAAC,cAAc,CAAC,qBAAqB,CAAC,EAAE,CAAC,CAAC;IAC7D,CAAC;IAEM,KAAK,CAAC,OAAO,CAAC,OAAO;QAC1B,IAAI,CAAC,OAAO,CAAC,WAAW,EAAE;YACxB,OAAO;gBACL,KAAK,EAAE,yBAAyB;aACjC,CAAC;SACH;QACD,IAAI,CAAC,OAAO,CAAC,UAAU,EAAE;YACvB,OAAO;gBACL,KAAK,EAAE,wBAAwB;aAChC,CAAC;SACH;QACD,IAAI,CAAC,OAAO,CAAC,MAAM,EAAE;YACnB,OAAO;gBACL,KAAK,EAAE,oBAAoB;aAC5B,CAAC;SACH;QACD,IAAI,GAAG,CAAC;QACR,IAAI,MAAM,GAAG,SAAS,CAAC;QACvB,IAAI;YACF,GAAG,GAAG,MAAM,kBAAQ,CAAC,WAAW,EAAE,CAAC;YACnC,MAAM,IAAI,GAAG,MAAM,IAAI,CAAC,cAAc,CAAC,MAAM,CAAC,OAAO,EAAE,EAAE,MAAM,EAAE,GAAG,EAAE,CAAC,CAAC;YACpE,MAAM,6BAAmB,CAAC,MAAM,CAAC,EAAE,MAAM,EAAE,OAAO,CAAC,MAAM,EAAE,MAAM,EAAE,IAAI,CAAC,EAAE,EAAE,MAAM,EAAE,EAAE,EAAE,MAAM,EAAE,GAAG,EAAE,CAAC,CAAC;YACtG,MAAM,GAAG,CAAC,MAAM,EAAE,CAAC;YACnB,OAAO,IAAI,CAAC;SAClB;QAAC,OAAO,KAAK,EAAE;YACd,IAAI,GAAG,EAAE;gBACP,MAAM,GAAG,CAAC,QAAQ,EAAE,CAAC;aACtB;YACA,OAAO,KAAK,CAAC;SACf;IACH,CAAC;IAEM,KAAK,CAAC,MAAM,CAAC,EAAU,EAAE,OAAkB;QAChD,MAAM,IAAI,GAAG,MAAM,IAAI,CAAC,OAAO,CAAC,EAAE,CAAC,CAAC;QAEpC,IAAI,CAAC,IAAI,EAAE;YACT,OAAO;gBACL,KAAK,EAAE,qBAAqB;aAC7B,CAAC;SACH;QACD,IAAI,OAAO,CAAC,MAAM,KAAM,IAAY,CAAC,MAAM,EAAE;YAC3C,OAAO;gBACL,KAAK,EAAE,oCAAoC;aAC5C,CAAC;SACH;QACD,OAAO,IAAI,CAAC,cAAc,CAAC,MAAM,CAAC,EAAE,EAAE,OAAO,CAAC,CAAC;IACjD,CAAC;IAEM,KAAK,CAAC,MAAM,CAAC,EAAU,EAAE,gBAAwB;QACtD,MAAM,IAAI,GAAG,MAAM,IAAI,CAAC,OAAO,CAAC,EAAE,CAAC,CAAC;QAEpC,IAAI,CAAC,IAAI,EAAE;YACT,OAAO;gBACL,KAAK,EAAE,qBAAqB;aAC7B,CAAC;SACH;QACD,IAAI,gBAAgB,KAAM,IAAY,CAAC,MAAM,EAAE;YAC7C,OAAO;gBACL,KAAK,EAAE,oCAAoC;aAC5C,CAAC;SACH;QACD,OAAO,IAAI,CAAC,cAAc,CAAC,MAAM,CAAC,EAAE,CAAC,CAAC;IACxC,CAAC;IAEM,KAAK,CAAC,aAAa,CAAC,MAAc;QACvC,IAAI,CAAC,MAAM,EAAE;YACX,OAAO,EAAE,KAAK,EAAE,oBAAoB,EAAE,CAAC;SACxC;QACD,OAAO,IAAI,CAAC,cAAc,CAAC,MAAM,CAAC,MAAM,EAAE,SAAS,CAAC,CAAC;IACvD,CAAC;IAEM,KAAK,CAAC,gBAAgB;QAC3B,OAAO,IAAI,CAAC,cAAc,CAAC,MAAM,CAAC,IAAI,EAAE,UAAU,CAAC,CAAC;IACtD,CAAC;IACM,KAAK,CAAC,kBAAkB;QAC7B,OAAO,IAAI,CAAC,cAAc,CAAC,MAAM,CAAC,KAAK,EAAE,UAAU,CAAC,CAAC;IACvD,CAAC;CACF;AAzFD,kCAyFC","sourcesContent":["import Database from \"@ioc:Adonis/Lucid/Database\";\nimport { IPagination } from \"App/Helpers/contracts/pagination\";\nimport TaskActivityHistory from \"App/Models/TaskActivityHistory\";\nimport { TaskRepository } from \"App/Repositories/task.repository\";\nimport { TaskProps } from \"App/Types/task.type\";\n\nexport class TaskService {\n  constructor(private taskRepository: TaskRepository) {}\n\n  public async query(pagination: IPagination, filter?: any) {\n\n    return await this.taskRepository.findAllWithAssociation(pagination, filter);\n  }\n\n  public async findOne(id: number) {\n    return await this.taskRepository.findIdWithAssociation(id);\n  }\n\n  public async execute(taskDto) {\n    if (!taskDto.description) {\n      return {\n        error: \"Description is required\",\n      };\n    }\n    if (!taskDto.priorityId) {\n      return {\n        error: \"PriorityId is required\",\n      };\n    }\n    if (!taskDto.userId) {\n      return {\n        error: \"UserId is required\",\n      };\n    }\n    let trx;\n    let action = 'created';\n    try {\n      trx = await Database.transaction();\n      const task = await this.taskRepository.create(taskDto, { client: trx });\n          await TaskActivityHistory.create({ userId: taskDto.userId, taskId: task.id, action }, { client: trx });\n           await trx.commit();\n           return task;\n    } catch (error) {\n      if (trx) {\n        await trx.rollback();\n      }\n       return error;\n    }\n  }\n\n  public async update(id: number, taskDto: TaskProps) {\n    const task = await this.findOne(id);\n\n    if (!task) {\n      return {\n        error: \"Task does not exist\",\n      };\n    }\n    if (taskDto.userId !== (task as any).userId) {\n      return {\n        error: \"Can not update another users tasks\",\n      };\n    }\n    return this.taskRepository.update(id, taskDto);\n  }\n\n  public async delete(id: number, autheticatedUser: number) {\n    const task = await this.findOne(id);\n\n    if (!task) {\n      return {\n        error: \"Task does not exist\",\n      };\n    }\n    if (autheticatedUser !== (task as any).userId) {\n      return {\n        error: \"Can not delete another users tasks\",\n      };\n    }\n    return this.taskRepository.delete(id);\n  }\n\n  public async findUserTasks(userId: number) {\n    if (!userId) {\n      return { error: \"userId is required\" };\n    }\n    return this.taskRepository.findBy(userId, \"user_id\");\n  }\n\n  public async getFinishedTasks() {\n    return this.taskRepository.findBy(true, \"finished\");\n  }\n  public async getUnFinishedTasks() {\n    return this.taskRepository.findBy(false, \"finished\");\n  }\n}\n"]},"_coverageSchema":"1a1c01bbd47fc00a2c39e90264f33305004495a9","hash":"ec96618c130934c825cf8c0f8b067bac16e0dbaf","contentHash":"203e3fb0e68c761c8698a600bc27f45e1ecf024a1e29b58563527e919fdc1a83"},"C:\\Estudos\\todo-app-backend\\database\\factories\\PriorityFactory.ts":{"path":"C:\\Estudos\\todo-app-backend\\database\\factories\\PriorityFactory.ts","statementMap":{"0":{"start":{"line":2,"column":22},"end":{"line":4,"column":1}},"1":{"start":{"line":3,"column":4},"end":{"line":3,"column":62}},"2":{"start":{"line":5,"column":0},"end":{"line":5,"column":62}},"3":{"start":{"line":6,"column":0},"end":{"line":6,"column":33}},"4":{"start":{"line":7,"column":18},"end":{"line":7,"column":88}},"5":{"start":{"line":8,"column":19},"end":{"line":8,"column":88}},"6":{"start":{"line":9,"column":0},"end":{"line":13,"column":11}},"7":{"start":{"line":10,"column":4},"end":{"line":12,"column":6}}},"fnMap":{"0":{"name":"(anonymous_0)","decl":{"start":{"line":2,"column":56},"end":{"line":2,"column":57}},"loc":{"start":{"line":2,"column":71},"end":{"line":4,"column":1}},"line":2},"1":{"name":"(anonymous_1)","decl":{"start":{"line":9,"column":71},"end":{"line":9,"column":72}},"loc":{"start":{"line":9,"column":86},"end":{"line":13,"column":1}},"line":9}},"branchMap":{"0":{"loc":{"start":{"line":2,"column":22},"end":{"line":4,"column":1}},"type":"binary-expr","locations":[{"start":{"line":2,"column":23},"end":{"line":2,"column":27}},{"start":{"line":2,"column":31},"end":{"line":2,"column":51}},{"start":{"line":2,"column":56},"end":{"line":4,"column":1}}],"line":2},"1":{"loc":{"start":{"line":3,"column":11},"end":{"line":3,"column":61}},"type":"cond-expr","locations":[{"start":{"line":3,"column":37},"end":{"line":3,"column":40}},{"start":{"line":3,"column":43},"end":{"line":3,"column":61}}],"line":3},"2":{"loc":{"start":{"line":3,"column":12},"end":{"line":3,"column":33}},"type":"binary-expr","locations":[{"start":{"line":3,"column":12},"end":{"line":3,"column":15}},{"start":{"line":3,"column":19},"end":{"line":3,"column":33}}],"line":3}},"s":{"0":1,"1":2,"2":1,"3":1,"4":1,"5":1,"6":1,"7":8},"f":{"0":2,"1":8},"b":{"0":[1,1,1],"1":[1,1],"2":[2,2]},"inputSourceMap":{"version":3,"file":"PriorityFactory.js","sourceRoot":"","sources":["PriorityFactory.ts"],"names":[],"mappings":";;;;;;AAAA,yFAAgD;AAChD,yFAA2C;AAE9B,QAAA,eAAe,GAAG,iBAAO,CAAC,MAAM,CAAC,kBAAQ,EAAE,CAAC,EAAE,KAAK,EAAE,EAAE,EAAE;IACpE,OAAO;QACL,IAAI,EAAE,KAAK,CAAC,IAAI,CAAC,SAAS,EAAE;KAC7B,CAAC;AACJ,CAAC,CAAC,CAAC,KAAK,EAAE,CAAC","sourcesContent":["import Factory from \"@ioc:Adonis/Lucid/Factory\";\nimport Priority from \"App/Models/Priority\";\n\nexport const PriorityFactory = Factory.define(Priority, ({ faker }) => {\n  return {\n    name: faker.word.adjective()\n  };\n}).build();\n"]},"_coverageSchema":"1a1c01bbd47fc00a2c39e90264f33305004495a9","hash":"9596c5e3adc354c952adc4c07a1ac008edc6a445","contentHash":"37a547fa97dd6638d8382aebc22283a30fdc86f7de6423d3b0e24db16f0c5487"},"C:\\Estudos\\todo-app-backend\\app\\Repositories\\user.repository.ts":{"path":"C:\\Estudos\\todo-app-backend\\app\\Repositories\\user.repository.ts","statementMap":{"0":{"start":{"line":2,"column":22},"end":{"line":4,"column":1}},"1":{"start":{"line":3,"column":4},"end":{"line":3,"column":62}},"2":{"start":{"line":5,"column":0},"end":{"line":5,"column":62}},"3":{"start":{"line":6,"column":0},"end":{"line":6,"column":32}},"4":{"start":{"line":7,"column":15},"end":{"line":7,"column":80}},"5":{"start":{"line":8,"column":26},"end":{"line":8,"column":71}},"6":{"start":{"line":11,"column":8},"end":{"line":11,"column":30}},"7":{"start":{"line":14,"column":0},"end":{"line":14,"column":40}}},"fnMap":{"0":{"name":"(anonymous_0)","decl":{"start":{"line":2,"column":56},"end":{"line":2,"column":57}},"loc":{"start":{"line":2,"column":71},"end":{"line":4,"column":1}},"line":2},"1":{"name":"(anonymous_1)","decl":{"start":{"line":10,"column":4},"end":{"line":10,"column":5}},"loc":{"start":{"line":10,"column":18},"end":{"line":12,"column":5}},"line":10}},"branchMap":{"0":{"loc":{"start":{"line":2,"column":22},"end":{"line":4,"column":1}},"type":"binary-expr","locations":[{"start":{"line":2,"column":23},"end":{"line":2,"column":27}},{"start":{"line":2,"column":31},"end":{"line":2,"column":51}},{"start":{"line":2,"column":56},"end":{"line":4,"column":1}}],"line":2},"1":{"loc":{"start":{"line":3,"column":11},"end":{"line":3,"column":61}},"type":"cond-expr","locations":[{"start":{"line":3,"column":37},"end":{"line":3,"column":40}},{"start":{"line":3,"column":43},"end":{"line":3,"column":61}}],"line":3},"2":{"loc":{"start":{"line":3,"column":12},"end":{"line":3,"column":33}},"type":"binary-expr","locations":[{"start":{"line":3,"column":12},"end":{"line":3,"column":15}},{"start":{"line":3,"column":19},"end":{"line":3,"column":33}}],"line":3}},"s":{"0":1,"1":2,"2":1,"3":1,"4":1,"5":1,"6":9,"7":1},"f":{"0":2,"1":9},"b":{"0":[1,1,1],"1":[2,0],"2":[2,2]},"inputSourceMap":{"version":3,"file":"user.repository.js","sourceRoot":"","sources":["user.repository.ts"],"names":[],"mappings":";;;;;;AAAA,iFAAmC;AACnC,wEAA+C;AAE/C,MAAa,cAAe,SAAQ,yBAAc;IAChD;QACE,KAAK,CAAC,cAAI,CAAC,CAAC;IACd,CAAC;CACF;AAJD,wCAIC","sourcesContent":["import User from \"App/Models/User\";\nimport BaseRepository from \"./base.repository\";\n\nexport class UserRepository extends BaseRepository {\n  constructor() {\n    super(User);\n  }\n}\n"]},"_coverageSchema":"1a1c01bbd47fc00a2c39e90264f33305004495a9","hash":"d6cdff4dab5ed86dc5a8bb0d0058b14a69677f26","contentHash":"70a051b977c1f74130eeb0ee2146503125f7108d7750b31fdffd75fd75533473"},"C:\\Estudos\\todo-app-backend\\app\\Services\\user\\user.service.ts":{"path":"C:\\Estudos\\todo-app-backend\\app\\Services\\user\\user.service.ts","statementMap":{"0":{"start":{"line":2,"column":0},"end":{"line":2,"column":62}},"1":{"start":{"line":3,"column":0},"end":{"line":3,"column":29}},"2":{"start":{"line":6,"column":8},"end":{"line":6,"column":45}},"3":{"start":{"line":9,"column":22},"end":{"line":9,"column":67}},"4":{"start":{"line":10,"column":8},"end":{"line":10,"column":21}},"5":{"start":{"line":13,"column":8},"end":{"line":17,"column":9}},"6":{"start":{"line":14,"column":12},"end":{"line":16,"column":14}},"7":{"start":{"line":18,"column":8},"end":{"line":22,"column":9}},"8":{"start":{"line":19,"column":12},"end":{"line":21,"column":14}},"9":{"start":{"line":23,"column":8},"end":{"line":27,"column":9}},"10":{"start":{"line":24,"column":12},"end":{"line":26,"column":14}},"11":{"start":{"line":28,"column":24},"end":{"line":28,"column":65}},"12":{"start":{"line":29,"column":8},"end":{"line":29,"column":23}},"13":{"start":{"line":32,"column":8},"end":{"line":36,"column":9}},"14":{"start":{"line":33,"column":12},"end":{"line":35,"column":14}},"15":{"start":{"line":37,"column":21},"end":{"line":37,"column":59}},"16":{"start":{"line":38,"column":8},"end":{"line":42,"column":9}},"17":{"start":{"line":39,"column":12},"end":{"line":41,"column":14}},"18":{"start":{"line":43,"column":8},"end":{"line":43,"column":20}},"19":{"start":{"line":46,"column":8},"end":{"line":50,"column":9}},"20":{"start":{"line":47,"column":12},"end":{"line":49,"column":14}},"21":{"start":{"line":51,"column":28},"end":{"line":51,"column":73}},"22":{"start":{"line":52,"column":8},"end":{"line":52,"column":27}},"23":{"start":{"line":55,"column":8},"end":{"line":59,"column":9}},"24":{"start":{"line":56,"column":12},"end":{"line":58,"column":14}},"25":{"start":{"line":60,"column":21},"end":{"line":60,"column":57}},"26":{"start":{"line":61,"column":8},"end":{"line":61,"column":20}},"27":{"start":{"line":64,"column":0},"end":{"line":64,"column":34}}},"fnMap":{"0":{"name":"(anonymous_0)","decl":{"start":{"line":5,"column":4},"end":{"line":5,"column":5}},"loc":{"start":{"line":5,"column":32},"end":{"line":7,"column":5}},"line":5},"1":{"name":"(anonymous_1)","decl":{"start":{"line":8,"column":4},"end":{"line":8,"column":5}},"loc":{"start":{"line":8,"column":28},"end":{"line":11,"column":5}},"line":8},"2":{"name":"(anonymous_2)","decl":{"start":{"line":12,"column":4},"end":{"line":12,"column":5}},"loc":{"start":{"line":12,"column":27},"end":{"line":30,"column":5}},"line":12},"3":{"name":"(anonymous_3)","decl":{"start":{"line":31,"column":4},"end":{"line":31,"column":5}},"loc":{"start":{"line":31,"column":22},"end":{"line":44,"column":5}},"line":31},"4":{"name":"(anonymous_4)","decl":{"start":{"line":45,"column":4},"end":{"line":45,"column":5}},"loc":{"start":{"line":45,"column":30},"end":{"line":53,"column":5}},"line":45},"5":{"name":"(anonymous_5)","decl":{"start":{"line":54,"column":4},"end":{"line":54,"column":5}},"loc":{"start":{"line":54,"column":21},"end":{"line":62,"column":5}},"line":54}},"branchMap":{"0":{"loc":{"start":{"line":13,"column":8},"end":{"line":17,"column":9}},"type":"if","locations":[{"start":{"line":13,"column":8},"end":{"line":17,"column":9}},{"start":{"line":13,"column":8},"end":{"line":17,"column":9}}],"line":13},"1":{"loc":{"start":{"line":18,"column":8},"end":{"line":22,"column":9}},"type":"if","locations":[{"start":{"line":18,"column":8},"end":{"line":22,"column":9}},{"start":{"line":18,"column":8},"end":{"line":22,"column":9}}],"line":18},"2":{"loc":{"start":{"line":23,"column":8},"end":{"line":27,"column":9}},"type":"if","locations":[{"start":{"line":23,"column":8},"end":{"line":27,"column":9}},{"start":{"line":23,"column":8},"end":{"line":27,"column":9}}],"line":23},"3":{"loc":{"start":{"line":32,"column":8},"end":{"line":36,"column":9}},"type":"if","locations":[{"start":{"line":32,"column":8},"end":{"line":36,"column":9}},{"start":{"line":32,"column":8},"end":{"line":36,"column":9}}],"line":32},"4":{"loc":{"start":{"line":38,"column":8},"end":{"line":42,"column":9}},"type":"if","locations":[{"start":{"line":38,"column":8},"end":{"line":42,"column":9}},{"start":{"line":38,"column":8},"end":{"line":42,"column":9}}],"line":38},"5":{"loc":{"start":{"line":46,"column":8},"end":{"line":50,"column":9}},"type":"if","locations":[{"start":{"line":46,"column":8},"end":{"line":50,"column":9}},{"start":{"line":46,"column":8},"end":{"line":50,"column":9}}],"line":46},"6":{"loc":{"start":{"line":55,"column":8},"end":{"line":59,"column":9}},"type":"if","locations":[{"start":{"line":55,"column":8},"end":{"line":59,"column":9}},{"start":{"line":55,"column":8},"end":{"line":59,"column":9}}],"line":55}},"s":{"0":1,"1":1,"2":9,"3":2,"4":2,"5":4,"6":1,"7":3,"8":1,"9":2,"10":1,"11":1,"12":1,"13":2,"14":0,"15":2,"16":2,"17":1,"18":1,"19":1,"20":0,"21":1,"22":1,"23":1,"24":0,"25":1,"26":1,"27":1},"f":{"0":9,"1":2,"2":4,"3":2,"4":1,"5":1},"b":{"0":[1,3],"1":[1,2],"2":[1,1],"3":[0,2],"4":[1,1],"5":[0,1],"6":[0,1]},"inputSourceMap":{"version":3,"file":"user.service.js","sourceRoot":"","sources":["user.service.ts"],"names":[],"mappings":";;;AAIA,MAAa,WAAW;IACtB,YAAoB,cAA8B;QAA9B,mBAAc,GAAd,cAAc,CAAgB;IAAG,CAAC;IAE/C,KAAK,CAAC,KAAK,CAAC,UAAuB;QACxC,MAAM,KAAK,GAAG,MAAM,IAAI,CAAC,cAAc,CAAC,OAAO,CAAC,UAAU,CAAC,CAAC;QAC5D,OAAO,KAAK,CAAC;IACf,CAAC;IAEM,KAAK,CAAC,OAAO,CAAC,OAAkB;QACrC,IAAI,CAAC,OAAO,CAAC,KAAK,EAAE;YAClB,OAAO;gBACL,KAAK,EAAE,mBAAmB;aAC1B,CAAC;SACJ;QAED,IAAI,CAAC,OAAO,CAAC,QAAQ,EAAE;YACrB,OAAO;gBACL,KAAK,EAAE,sBAAsB;aAC9B,CAAA;SACF;QAED,IAAI,CAAC,OAAO,CAAC,IAAI,EAAE;YACjB,OAAO;gBACL,KAAK,EAAE,kBAAkB;aAC1B,CAAC;SACH;QACD,MAAM,OAAO,GAAG,MAAM,IAAI,CAAC,cAAc,CAAC,MAAM,CAAC,OAAO,CAAC,CAAC;QAC1D,OAAO,OAAO,CAAA;IAChB,CAAC;IAEM,KAAK,CAAC,OAAO,CAAC,EAAU;QAC7B,IAAG,CAAC,EAAE,EAAE;YACN,OAAO;gBACL,KAAK,EAAE,gBAAgB;aACxB,CAAA;SACF;QACD,MAAM,IAAI,GAAG,MAAM,IAAI,CAAC,cAAc,CAAC,QAAQ,CAAC,EAAE,CAAC,CAAA;QAEnD,IAAG,CAAC,IAAI,EAAE;YACR,OAAO;gBACL,KAAK,EAAE,sBAAsB;aAC9B,CAAA;SACF;QACD,OAAO,IAAI,CAAC;IACd,CAAC;IAEM,KAAK,CAAC,MAAM,CAAC,EAAU,EAAE,OAAkB;QAChD,IAAG,CAAC,EAAE,EAAE;YACN,OAAO;gBACL,KAAK,EAAE,gBAAgB;aACxB,CAAA;SACF;QAED,MAAM,WAAW,GAAG,MAAM,IAAI,CAAC,cAAc,CAAC,MAAM,CAAC,EAAE,EAAE,OAAO,CAAC,CAAA;QACjE,OAAO,WAAW,CAAC;IACrB,CAAC;IAEM,KAAK,CAAC,MAAM,CAAC,EAAU;QAC5B,IAAI,CAAC,EAAE,EAAE;YACP,OAAO;gBACL,KAAK,EAAE,gBAAgB;aACxB,CAAC;SACH;QAEC,MAAM,IAAI,GAAG,MAAM,IAAI,CAAC,cAAc,CAAC,MAAM,CAAC,EAAE,CAAC,CAAA;QACjD,OAAO,IAAI,CAAC;IAChB,CAAC;CACF;AAnED,kCAmEC","sourcesContent":["import { IPagination } from \"App/Helpers/contracts/pagination\";\nimport { UserRepository } from \"App/Repositories/user.repository\";\nimport { UserProps } from \"App/Types/user.type\";\n\nexport class UserService {\n  constructor(private userRepository: UserRepository) {}\n\n  public async query(pagination: IPagination) {\n    const users = await this.userRepository.findAll(pagination);\n    return users;\n  }\n\n  public async execute(userDto: UserProps) {\n    if (!userDto.email) {\n      return {\n        error: \"Email is required\"\n       };\n    }\n\n    if (!userDto.password) {\n      return {\n        error: \"Password is required\"\n      }\n    }\n\n    if (!userDto.name) {\n      return {\n        error: \"Name is required\",\n      };\n    }\n    const newUser = await this.userRepository.create(userDto);\n    return newUser\n  }\n\n  public async findOne(id: number) {\n    if(!id) {\n      return {\n        error: 'Id is required'\n      }\n    }\n    const user = await this.userRepository.findById(id)\n\n    if(!user) {\n      return {\n        error: 'User does not exists'\n      }\n    }\n    return user;\n  }\n\n  public async update(id: number, userDto: UserProps) {\n    if(!id) {\n      return {\n        error: 'Id is required'\n      }\n    }\n\n    const updatedUser = await this.userRepository.update(id, userDto)\n    return updatedUser;\n  }\n\n  public async delete(id: number) {\n    if (!id) {\n      return {\n        error: \"Id is required\",\n      };\n    }\n\n      const user = await this.userRepository.delete(id)\n      return user;\n  }\n}\n"]},"_coverageSchema":"1a1c01bbd47fc00a2c39e90264f33305004495a9","hash":"76fdb29c88a3b4a09fe16d0cad029d88cbd1496e","contentHash":"c07ccb39f7f50bdb9ea53dd48ebefea8c817c38bd7d5af389390591d3fc6f56a"}}